/usr/local/src/CellProfiler/cellprofiler/utilities/hdf5_dict.py:539: FutureWarning: Conversion of the second argument of issubdtype from `int` to `np.signedinteger` is deprecated. In future, it will be treated as `np.int64 == np.dtype(int).type`.
  np.issubdtype(hdf5_type, int) or
/usr/local/src/CellProfiler/cellprofiler/utilities/hdf5_dict.py:541: FutureWarning: Conversion of the second argument of issubdtype from `float` to `np.floating` is deprecated. In future, it will be treated as `np.float64 == np.dtype(float).type`.
  hdf5_type_is_float = np.issubdtype(hdf5_type, float)
Batch file default input directory "/Users/sam/Google Drive/git/CellProfiler", does not exist
Times reported are CPU and Wall-clock times for each module
Mon Nov 25 15:39:26 2019: Image # 135, module LoadData # 1: CPU_time = 1.56 secs, Wall_time = 1.62 secs
Mon Nov 25 15:39:28 2019: Image # 135, module ImageMath # 2: CPU_time = 0.01 secs, Wall_time = 0.01 secs
Mon Nov 25 15:39:28 2019: Image # 135, module MaskImage # 3: CPU_time = 0.06 secs, Wall_time = 0.06 secs
/usr/local/lib/python2.7/dist-packages/centrosome/cpmorphology.py:4209: FutureWarning: Using a non-tuple sequence for multidimensional indexing is deprecated; use `arr[tuple(seq)]` instead of `arr[seq]`. In the future this will be interpreted as an array index, `arr[np.array(seq)]`, which will result either in an error or a different result.
  big_labels[[slice(fe,-fe) for fe in footprint_extent]] = labels
/usr/local/lib/python2.7/dist-packages/centrosome/cpmorphology.py:416: FutureWarning: Conversion of the second argument of issubdtype from `float` to `np.floating` is deprecated. In future, it will be treated as `np.float64 == np.dtype(float).type`.
  index_i, index_j, image = prepare_for_index_lookup(image, False)
/usr/local/lib/python2.7/dist-packages/skimage/util/arraycrop.py:175: FutureWarning: Using a non-tuple sequence for multidimensional indexing is deprecated; use `arr[tuple(seq)]` instead of `arr[seq]`. In the future this will be interpreted as an array index, `arr[np.array(seq)]`, which will result either in an error or a different result.
  cropped = np.array(ar[slices], order=order, copy=True)
Mon Nov 25 15:39:28 2019: Image # 135, module IdentifyPrimaryObjects # 4: CPU_time = 11.37 secs, Wall_time = 11.38 secs
/usr/local/lib/python2.7/dist-packages/skimage/filters/rank/generic.py:102: UserWarning: Bitdepth of 15 may result in bad rank filter performance due to large number of bins.
  "performance due to large number of bins." % bitdepth)
Mon Nov 25 15:39:39 2019: Image # 135, module CorrectIlluminationCalculate # 5: CPU_time = 156.65 secs, Wall_time = 156.72 secs
Mon Nov 25 15:42:16 2019: Image # 135, module CorrectIlluminationApply # 6: CPU_time = 0.01 secs, Wall_time = 0.01 secs
Mon Nov 25 15:42:16 2019: Image # 135, module IdentifyPrimaryObjects # 7: CPU_time = 2.35 secs, Wall_time = 2.34 secs
Mon Nov 25 15:42:18 2019: Image # 135, module ConvertObjectsToImage # 8: CPU_time = 0.01 secs, Wall_time = 0.01 secs
Mon Nov 25 15:42:18 2019: Image # 135, module UntangleWorms # 9: CPU_time = 3.02 secs, Wall_time = 3.01 secs
Mon Nov 25 15:42:21 2019: Image # 135, module UntangleWorms # 10: CPU_time = 3.10 secs, Wall_time = 3.10 secs
/usr/local/lib/python2.7/dist-packages/centrosome/cpmorphology.py:2906: FutureWarning: Conversion of the second argument of issubdtype from `bool` to `np.generic` is deprecated. In future, it will be treated as `np.bool_ == np.dtype(bool).type`.
  (np.issubdtype(image.dtype, bool) or np.issubdtype(image.dtype, int))):
/usr/local/lib/python2.7/dist-packages/centrosome/cpmorphology.py:2920: FutureWarning: Conversion of the second argument of issubdtype from `float` to `np.floating` is deprecated. In future, it will be treated as `np.float64 == np.dtype(float).type`.
  index_i, index_j, image = prepare_for_index_lookup(image, border_value)
Mon Nov 25 15:42:24 2019: Image # 135, module UntangleWorms # 11: CPU_time = 8.95 secs, Wall_time = 8.95 secs
/usr/local/lib/python2.7/dist-packages/skimage/util/arraycrop.py:177: FutureWarning: Using a non-tuple sequence for multidimensional indexing is deprecated; use `arr[tuple(seq)]` instead of `arr[seq]`. In the future this will be interpreted as an array index, `arr[np.array(seq)]`, which will result either in an error or a different result.
  cropped = ar[slices]
Mon Nov 25 15:42:33 2019: Image # 135, module OverlayOutlines # 12: CPU_time = 0.69 secs, Wall_time = 0.70 secs
/usr/local/lib/python2.7/dist-packages/skimage/util/dtype.py:130: UserWarning: Possible precision loss when converting from float32 to uint8
  .format(dtypeobj_in, dtypeobj_out))
/usr/local/lib/python2.7/dist-packages/skimage/io/_io.py:140: UserWarning: /projects/b1059/projects/Sam/CellProfiler/output_data/20190926_drugresponse_03_2x_F05.out/images/processed_images/20190926_drugresponse_03_2x_F05_overlay.png is a low contrast image
  warn('%s is a low contrast image' % fname)
Mon Nov 25 15:42:34 2019: Image # 135, module SaveImages # 13: CPU_time = 0.82 secs, Wall_time = 0.82 secs
Mon Nov 25 15:42:35 2019: Image # 135, module MeasureObjectIntensity # 14: CPU_time = 0.34 secs, Wall_time = 0.34 secs
Mon Nov 25 15:42:35 2019: Image # 135, module MeasureObjectSizeShape # 15: CPU_time = 0.07 secs, Wall_time = 0.06 secs
Mon Nov 25 15:42:35 2019: Image # 135, module RelateObjects # 16: CPU_time = 0.48 secs, Wall_time = 0.48 secs
Mon Nov 25 15:42:36 2019: Image # 135, module RelateObjects # 17: CPU_time = 0.50 secs, Wall_time = 0.49 secs
Mon Nov 25 15:42:36 2019: Image # 135, module ExportToSpreadsheet # 18: CPU_time = 0.00 secs, Wall_time = 0.00 secs
Mon Nov 25 15:42:36 2019: Image # 135, module CreateBatchFiles # 19: CPU_time = 0.00 secs, Wall_time = 0.00 secs
