/usr/local/src/CellProfiler/cellprofiler/utilities/hdf5_dict.py:539: FutureWarning: Conversion of the second argument of issubdtype from `int` to `np.signedinteger` is deprecated. In future, it will be treated as `np.int64 == np.dtype(int).type`.
  np.issubdtype(hdf5_type, int) or
/usr/local/src/CellProfiler/cellprofiler/utilities/hdf5_dict.py:541: FutureWarning: Conversion of the second argument of issubdtype from `float` to `np.floating` is deprecated. In future, it will be treated as `np.float64 == np.dtype(float).type`.
  hdf5_type_is_float = np.issubdtype(hdf5_type, float)
Batch file default input directory "/Users/sam/Google Drive/git/CellProfiler", does not exist
Times reported are CPU and Wall-clock times for each module
Mon Nov 25 15:39:24 2019: Image # 26, module LoadData # 1: CPU_time = 1.47 secs, Wall_time = 1.54 secs
Mon Nov 25 15:39:25 2019: Image # 26, module ImageMath # 2: CPU_time = 0.02 secs, Wall_time = 0.01 secs
Mon Nov 25 15:39:25 2019: Image # 26, module MaskImage # 3: CPU_time = 0.06 secs, Wall_time = 0.06 secs
/usr/local/lib/python2.7/dist-packages/centrosome/cpmorphology.py:4209: FutureWarning: Using a non-tuple sequence for multidimensional indexing is deprecated; use `arr[tuple(seq)]` instead of `arr[seq]`. In the future this will be interpreted as an array index, `arr[np.array(seq)]`, which will result either in an error or a different result.
  big_labels[[slice(fe,-fe) for fe in footprint_extent]] = labels
/usr/local/lib/python2.7/dist-packages/centrosome/cpmorphology.py:416: FutureWarning: Conversion of the second argument of issubdtype from `float` to `np.floating` is deprecated. In future, it will be treated as `np.float64 == np.dtype(float).type`.
  index_i, index_j, image = prepare_for_index_lookup(image, False)
/usr/local/lib/python2.7/dist-packages/skimage/util/arraycrop.py:175: FutureWarning: Using a non-tuple sequence for multidimensional indexing is deprecated; use `arr[tuple(seq)]` instead of `arr[seq]`. In the future this will be interpreted as an array index, `arr[np.array(seq)]`, which will result either in an error or a different result.
  cropped = np.array(ar[slices], order=order, copy=True)
Mon Nov 25 15:39:25 2019: Image # 26, module IdentifyPrimaryObjects # 4: CPU_time = 11.98 secs, Wall_time = 11.99 secs
/usr/local/lib/python2.7/dist-packages/skimage/filters/rank/generic.py:102: UserWarning: Bitdepth of 15 may result in bad rank filter performance due to large number of bins.
  "performance due to large number of bins." % bitdepth)
Mon Nov 25 15:39:37 2019: Image # 26, module CorrectIlluminationCalculate # 5: CPU_time = 157.23 secs, Wall_time = 157.24 secs
Mon Nov 25 15:42:15 2019: Image # 26, module CorrectIlluminationApply # 6: CPU_time = 0.02 secs, Wall_time = 0.02 secs
Mon Nov 25 15:42:15 2019: Image # 26, module IdentifyPrimaryObjects # 7: CPU_time = 2.60 secs, Wall_time = 2.62 secs
Mon Nov 25 15:42:17 2019: Image # 26, module ConvertObjectsToImage # 8: CPU_time = 0.01 secs, Wall_time = 0.01 secs
/usr/local/lib/python2.7/dist-packages/centrosome/cpmorphology.py:2906: FutureWarning: Conversion of the second argument of issubdtype from `bool` to `np.generic` is deprecated. In future, it will be treated as `np.bool_ == np.dtype(bool).type`.
  (np.issubdtype(image.dtype, bool) or np.issubdtype(image.dtype, int))):
/usr/local/lib/python2.7/dist-packages/centrosome/cpmorphology.py:2920: FutureWarning: Conversion of the second argument of issubdtype from `float` to `np.floating` is deprecated. In future, it will be treated as `np.float64 == np.dtype(float).type`.
  index_i, index_j, image = prepare_for_index_lookup(image, border_value)
Mon Nov 25 15:42:17 2019: Image # 26, module UntangleWorms # 9: CPU_time = 70.72 secs, Wall_time = 70.72 secs
Mon Nov 25 15:43:28 2019: Image # 26, module UntangleWorms # 10: CPU_time = 52.52 secs, Wall_time = 52.53 secs
Mon Nov 25 15:44:21 2019: Image # 26, module UntangleWorms # 11: CPU_time = 76.98 secs, Wall_time = 76.98 secs
/usr/local/lib/python2.7/dist-packages/skimage/util/arraycrop.py:177: FutureWarning: Using a non-tuple sequence for multidimensional indexing is deprecated; use `arr[tuple(seq)]` instead of `arr[seq]`. In the future this will be interpreted as an array index, `arr[np.array(seq)]`, which will result either in an error or a different result.
  cropped = ar[slices]
Mon Nov 25 15:45:37 2019: Image # 26, module OverlayOutlines # 12: CPU_time = 1.30 secs, Wall_time = 1.30 secs
/usr/local/lib/python2.7/dist-packages/skimage/util/dtype.py:130: UserWarning: Possible precision loss when converting from float32 to uint8
  .format(dtypeobj_in, dtypeobj_out))
Mon Nov 25 15:45:39 2019: Image # 26, module SaveImages # 13: CPU_time = 0.78 secs, Wall_time = 0.78 secs
Mon Nov 25 15:45:40 2019: Image # 26, module MeasureObjectIntensity # 14: CPU_time = 0.75 secs, Wall_time = 0.75 secs
/usr/local/lib/python2.7/dist-packages/centrosome/cpmorphology.py:2535: FutureWarning: Using a non-tuple sequence for multidimensional indexing is deprecated; use `arr[tuple(seq)]` instead of `arr[seq]`. In the future this will be interpreted as an array index, `arr[np.array(seq)]`, which will result either in an error or a different result.
  I00[slice_00] = labels
/usr/local/lib/python2.7/dist-packages/centrosome/cpmorphology.py:2536: FutureWarning: Using a non-tuple sequence for multidimensional indexing is deprecated; use `arr[tuple(seq)]` instead of `arr[seq]`. In the future this will be interpreted as an array index, `arr[np.array(seq)]`, which will result either in an error or a different result.
  I01[slice_01] = labels
/usr/local/lib/python2.7/dist-packages/centrosome/cpmorphology.py:2537: FutureWarning: Using a non-tuple sequence for multidimensional indexing is deprecated; use `arr[tuple(seq)]` instead of `arr[seq]`. In the future this will be interpreted as an array index, `arr[np.array(seq)]`, which will result either in an error or a different result.
  I10[slice_10] = labels
/usr/local/lib/python2.7/dist-packages/centrosome/cpmorphology.py:2538: FutureWarning: Using a non-tuple sequence for multidimensional indexing is deprecated; use `arr[tuple(seq)]` instead of `arr[seq]`. In the future this will be interpreted as an array index, `arr[np.array(seq)]`, which will result either in an error or a different result.
  I11[slice_11] = labels
/usr/local/lib/python2.7/dist-packages/centrosome/cpmorphology.py:2560: FutureWarning: Using a non-tuple sequence for multidimensional indexing is deprecated; use `arr[tuple(seq)]` instead of `arr[seq]`. In the future this will be interpreted as an array index, `arr[np.array(seq)]`, which will result either in an error or a different result.
  Q1_condition[slice_00] += (NE01_00 & NE01_10 & NE01_11)[slice_01]
/usr/local/lib/python2.7/dist-packages/centrosome/cpmorphology.py:2563: FutureWarning: Using a non-tuple sequence for multidimensional indexing is deprecated; use `arr[tuple(seq)]` instead of `arr[seq]`. In the future this will be interpreted as an array index, `arr[np.array(seq)]`, which will result either in an error or a different result.
  Q1_condition[slice_00] += (NE10_00 & NE10_01 & NE10_11)[slice_10]
/usr/local/lib/python2.7/dist-packages/centrosome/cpmorphology.py:2566: FutureWarning: Using a non-tuple sequence for multidimensional indexing is deprecated; use `arr[tuple(seq)]` instead of `arr[seq]`. In the future this will be interpreted as an array index, `arr[np.array(seq)]`, which will result either in an error or a different result.
  Q1_condition[slice_00] += (NE11_00 & NE11_01 & NE11_10)[slice_11]
/usr/local/lib/python2.7/dist-packages/centrosome/cpmorphology.py:2574: FutureWarning: Using a non-tuple sequence for multidimensional indexing is deprecated; use `arr[tuple(seq)]` instead of `arr[seq]`. In the future this will be interpreted as an array index, `arr[np.array(seq)]`, which will result either in an error or a different result.
  Q3_condition[slice_00] += (NE11_00 & EQ11_10 & EQ11_01)[slice_11]
/usr/local/lib/python2.7/dist-packages/centrosome/cpmorphology.py:2587: FutureWarning: Using a non-tuple sequence for multidimensional indexing is deprecated; use `arr[tuple(seq)]` instead of `arr[seq]`. In the future this will be interpreted as an array index, `arr[np.array(seq)]`, which will result either in an error or a different result.
  QD_condition[slice_00] += (NE01_00 & NE01_11 & EQ01_10)[slice_01]
Mon Nov 25 15:45:40 2019: Image # 26, module MeasureObjectSizeShape # 15: CPU_time = 7.95 secs, Wall_time = 7.95 secs
/usr/local/src/CellProfiler/cellprofiler/modules/relateobjects.py:599: FutureWarning: Using a non-tuple sequence for multidimensional indexing is deprecated; use `arr[tuple(seq)]` instead of `arr[seq]`. In the future this will be interpreted as an array index, `arr[np.array(seq)]`, which will result either in an error or a different result.
  perim_idx = pperim[perim_loc.transpose().tolist()]
Mon Nov 25 15:45:48 2019: Image # 26, module RelateObjects # 16: CPU_time = 1.16 secs, Wall_time = 1.16 secs
Mon Nov 25 15:45:49 2019: Image # 26, module RelateObjects # 17: CPU_time = 0.91 secs, Wall_time = 0.91 secs
Mon Nov 25 15:45:50 2019: Image # 26, module ExportToSpreadsheet # 18: CPU_time = 0.00 secs, Wall_time = 0.00 secs
Mon Nov 25 15:45:50 2019: Image # 26, module CreateBatchFiles # 19: CPU_time = 0.00 secs, Wall_time = 0.00 secs
