/usr/local/src/CellProfiler/cellprofiler/utilities/hdf5_dict.py:539: FutureWarning: Conversion of the second argument of issubdtype from `int` to `np.signedinteger` is deprecated. In future, it will be treated as `np.int64 == np.dtype(int).type`.
  np.issubdtype(hdf5_type, int) or
/usr/local/src/CellProfiler/cellprofiler/utilities/hdf5_dict.py:541: FutureWarning: Conversion of the second argument of issubdtype from `float` to `np.floating` is deprecated. In future, it will be treated as `np.float64 == np.dtype(float).type`.
  hdf5_type_is_float = np.issubdtype(hdf5_type, float)
Batch file default input directory "/Users/sam/Google Drive/git/CellProfiler", does not exist
Times reported are CPU and Wall-clock times for each module
Mon Nov 25 15:39:25 2019: Image # 118, module LoadData # 1: CPU_time = 1.69 secs, Wall_time = 1.75 secs
Mon Nov 25 15:39:27 2019: Image # 118, module ImageMath # 2: CPU_time = 0.03 secs, Wall_time = 0.04 secs
Mon Nov 25 15:39:27 2019: Image # 118, module MaskImage # 3: CPU_time = 0.15 secs, Wall_time = 0.15 secs
/usr/local/lib/python2.7/dist-packages/centrosome/cpmorphology.py:4209: FutureWarning: Using a non-tuple sequence for multidimensional indexing is deprecated; use `arr[tuple(seq)]` instead of `arr[seq]`. In the future this will be interpreted as an array index, `arr[np.array(seq)]`, which will result either in an error or a different result.
  big_labels[[slice(fe,-fe) for fe in footprint_extent]] = labels
/usr/local/lib/python2.7/dist-packages/centrosome/cpmorphology.py:416: FutureWarning: Conversion of the second argument of issubdtype from `float` to `np.floating` is deprecated. In future, it will be treated as `np.float64 == np.dtype(float).type`.
  index_i, index_j, image = prepare_for_index_lookup(image, False)
/usr/local/lib/python2.7/dist-packages/skimage/util/arraycrop.py:175: FutureWarning: Using a non-tuple sequence for multidimensional indexing is deprecated; use `arr[tuple(seq)]` instead of `arr[seq]`. In the future this will be interpreted as an array index, `arr[np.array(seq)]`, which will result either in an error or a different result.
  cropped = np.array(ar[slices], order=order, copy=True)
Mon Nov 25 15:39:27 2019: Image # 118, module IdentifyPrimaryObjects # 4: CPU_time = 14.55 secs, Wall_time = 14.55 secs
/usr/local/lib/python2.7/dist-packages/skimage/filters/rank/generic.py:102: UserWarning: Bitdepth of 15 may result in bad rank filter performance due to large number of bins.
  "performance due to large number of bins." % bitdepth)
Mon Nov 25 15:39:42 2019: Image # 118, module CorrectIlluminationCalculate # 5: CPU_time = 139.13 secs, Wall_time = 139.17 secs
Mon Nov 25 15:42:01 2019: Image # 118, module CorrectIlluminationApply # 6: CPU_time = 0.04 secs, Wall_time = 0.03 secs
Mon Nov 25 15:42:01 2019: Image # 118, module IdentifyPrimaryObjects # 7: CPU_time = 4.09 secs, Wall_time = 4.09 secs
Mon Nov 25 15:42:05 2019: Image # 118, module ConvertObjectsToImage # 8: CPU_time = 0.03 secs, Wall_time = 0.03 secs
/usr/local/lib/python2.7/dist-packages/centrosome/cpmorphology.py:2906: FutureWarning: Conversion of the second argument of issubdtype from `bool` to `np.generic` is deprecated. In future, it will be treated as `np.bool_ == np.dtype(bool).type`.
  (np.issubdtype(image.dtype, bool) or np.issubdtype(image.dtype, int))):
/usr/local/lib/python2.7/dist-packages/centrosome/cpmorphology.py:2920: FutureWarning: Conversion of the second argument of issubdtype from `float` to `np.floating` is deprecated. In future, it will be treated as `np.float64 == np.dtype(float).type`.
  index_i, index_j, image = prepare_for_index_lookup(image, border_value)
Mon Nov 25 15:42:05 2019: Image # 118, module UntangleWorms # 9: CPU_time = 4.89 secs, Wall_time = 4.89 secs
Mon Nov 25 15:42:10 2019: Image # 118, module UntangleWorms # 10: CPU_time = 3.06 secs, Wall_time = 3.06 secs
Mon Nov 25 15:42:13 2019: Image # 118, module UntangleWorms # 11: CPU_time = 14.67 secs, Wall_time = 14.67 secs
/usr/local/lib/python2.7/dist-packages/skimage/util/arraycrop.py:177: FutureWarning: Using a non-tuple sequence for multidimensional indexing is deprecated; use `arr[tuple(seq)]` instead of `arr[seq]`. In the future this will be interpreted as an array index, `arr[np.array(seq)]`, which will result either in an error or a different result.
  cropped = ar[slices]
Mon Nov 25 15:42:28 2019: Image # 118, module OverlayOutlines # 12: CPU_time = 1.25 secs, Wall_time = 1.24 secs
/usr/local/lib/python2.7/dist-packages/skimage/util/dtype.py:130: UserWarning: Possible precision loss when converting from float32 to uint8
  .format(dtypeobj_in, dtypeobj_out))
/usr/local/lib/python2.7/dist-packages/skimage/io/_io.py:140: UserWarning: /projects/b1059/projects/Sam/CellProfiler/output_data/20190926_drugresponse_03_2x_D09.out/images/processed_images/20190926_drugresponse_03_2x_D09_overlay.png is a low contrast image
  warn('%s is a low contrast image' % fname)
Mon Nov 25 15:42:29 2019: Image # 118, module SaveImages # 13: CPU_time = 1.00 secs, Wall_time = 0.99 secs
Mon Nov 25 15:42:30 2019: Image # 118, module MeasureObjectIntensity # 14: CPU_time = 0.36 secs, Wall_time = 0.37 secs
Mon Nov 25 15:42:30 2019: Image # 118, module MeasureObjectSizeShape # 15: CPU_time = 0.06 secs, Wall_time = 0.06 secs
Mon Nov 25 15:42:30 2019: Image # 118, module RelateObjects # 16: CPU_time = 0.60 secs, Wall_time = 0.60 secs
Mon Nov 25 15:42:31 2019: Image # 118, module RelateObjects # 17: CPU_time = 0.59 secs, Wall_time = 0.59 secs
Mon Nov 25 15:42:31 2019: Image # 118, module ExportToSpreadsheet # 18: CPU_time = 0.00 secs, Wall_time = 0.00 secs
Mon Nov 25 15:42:31 2019: Image # 118, module CreateBatchFiles # 19: CPU_time = 0.00 secs, Wall_time = 0.00 secs
