/usr/local/src/CellProfiler/cellprofiler/utilities/hdf5_dict.py:539: FutureWarning: Conversion of the second argument of issubdtype from `int` to `np.signedinteger` is deprecated. In future, it will be treated as `np.int64 == np.dtype(int).type`.
  np.issubdtype(hdf5_type, int) or
/usr/local/src/CellProfiler/cellprofiler/utilities/hdf5_dict.py:541: FutureWarning: Conversion of the second argument of issubdtype from `float` to `np.floating` is deprecated. In future, it will be treated as `np.float64 == np.dtype(float).type`.
  hdf5_type_is_float = np.issubdtype(hdf5_type, float)
Batch file default input directory "/Users/sam/Google Drive/git/CellProfiler", does not exist
Times reported are CPU and Wall-clock times for each module
Mon Nov 25 15:39:24 2019: Image # 128, module LoadData # 1: CPU_time = 1.52 secs, Wall_time = 1.81 secs
Mon Nov 25 15:39:26 2019: Image # 128, module ImageMath # 2: CPU_time = 0.01 secs, Wall_time = 0.01 secs
Mon Nov 25 15:39:26 2019: Image # 128, module MaskImage # 3: CPU_time = 0.05 secs, Wall_time = 0.05 secs
/usr/local/lib/python2.7/dist-packages/centrosome/cpmorphology.py:4209: FutureWarning: Using a non-tuple sequence for multidimensional indexing is deprecated; use `arr[tuple(seq)]` instead of `arr[seq]`. In the future this will be interpreted as an array index, `arr[np.array(seq)]`, which will result either in an error or a different result.
  big_labels[[slice(fe,-fe) for fe in footprint_extent]] = labels
/usr/local/lib/python2.7/dist-packages/centrosome/cpmorphology.py:416: FutureWarning: Conversion of the second argument of issubdtype from `float` to `np.floating` is deprecated. In future, it will be treated as `np.float64 == np.dtype(float).type`.
  index_i, index_j, image = prepare_for_index_lookup(image, False)
/usr/local/lib/python2.7/dist-packages/skimage/util/arraycrop.py:175: FutureWarning: Using a non-tuple sequence for multidimensional indexing is deprecated; use `arr[tuple(seq)]` instead of `arr[seq]`. In the future this will be interpreted as an array index, `arr[np.array(seq)]`, which will result either in an error or a different result.
  cropped = np.array(ar[slices], order=order, copy=True)
Mon Nov 25 15:39:26 2019: Image # 128, module IdentifyPrimaryObjects # 4: CPU_time = 11.15 secs, Wall_time = 11.17 secs
/usr/local/lib/python2.7/dist-packages/skimage/filters/rank/generic.py:102: UserWarning: Bitdepth of 15 may result in bad rank filter performance due to large number of bins.
  "performance due to large number of bins." % bitdepth)
Mon Nov 25 15:39:37 2019: Image # 128, module CorrectIlluminationCalculate # 5: CPU_time = 155.57 secs, Wall_time = 155.61 secs
Mon Nov 25 15:42:13 2019: Image # 128, module CorrectIlluminationApply # 6: CPU_time = 0.01 secs, Wall_time = 0.01 secs
Mon Nov 25 15:42:13 2019: Image # 128, module IdentifyPrimaryObjects # 7: CPU_time = 2.24 secs, Wall_time = 2.24 secs
Mon Nov 25 15:42:15 2019: Image # 128, module ConvertObjectsToImage # 8: CPU_time = 0.01 secs, Wall_time = 0.01 secs
/usr/local/lib/python2.7/dist-packages/centrosome/cpmorphology.py:2906: FutureWarning: Conversion of the second argument of issubdtype from `bool` to `np.generic` is deprecated. In future, it will be treated as `np.bool_ == np.dtype(bool).type`.
  (np.issubdtype(image.dtype, bool) or np.issubdtype(image.dtype, int))):
/usr/local/lib/python2.7/dist-packages/centrosome/cpmorphology.py:2920: FutureWarning: Conversion of the second argument of issubdtype from `float` to `np.floating` is deprecated. In future, it will be treated as `np.float64 == np.dtype(float).type`.
  index_i, index_j, image = prepare_for_index_lookup(image, border_value)
Mon Nov 25 15:42:15 2019: Image # 128, module UntangleWorms # 9: CPU_time = 3.80 secs, Wall_time = 3.81 secs
Mon Nov 25 15:42:19 2019: Image # 128, module UntangleWorms # 10: CPU_time = 2.99 secs, Wall_time = 2.99 secs
Mon Nov 25 15:42:22 2019: Image # 128, module UntangleWorms # 11: CPU_time = 9.91 secs, Wall_time = 9.91 secs
/usr/local/lib/python2.7/dist-packages/skimage/util/arraycrop.py:177: FutureWarning: Using a non-tuple sequence for multidimensional indexing is deprecated; use `arr[tuple(seq)]` instead of `arr[seq]`. In the future this will be interpreted as an array index, `arr[np.array(seq)]`, which will result either in an error or a different result.
  cropped = ar[slices]
Mon Nov 25 15:42:32 2019: Image # 128, module OverlayOutlines # 12: CPU_time = 0.69 secs, Wall_time = 0.69 secs
/usr/local/lib/python2.7/dist-packages/skimage/util/dtype.py:130: UserWarning: Possible precision loss when converting from float32 to uint8
  .format(dtypeobj_in, dtypeobj_out))
/usr/local/lib/python2.7/dist-packages/skimage/io/_io.py:140: UserWarning: /projects/b1059/projects/Sam/CellProfiler/output_data/20190926_drugresponse_03_2x_E09.out/images/processed_images/20190926_drugresponse_03_2x_E09_overlay.png is a low contrast image
  warn('%s is a low contrast image' % fname)
Mon Nov 25 15:42:33 2019: Image # 128, module SaveImages # 13: CPU_time = 0.79 secs, Wall_time = 0.79 secs
Mon Nov 25 15:42:34 2019: Image # 128, module MeasureObjectIntensity # 14: CPU_time = 0.35 secs, Wall_time = 0.35 secs
Mon Nov 25 15:42:34 2019: Image # 128, module MeasureObjectSizeShape # 15: CPU_time = 0.06 secs, Wall_time = 0.06 secs
Mon Nov 25 15:42:34 2019: Image # 128, module RelateObjects # 16: CPU_time = 0.55 secs, Wall_time = 0.55 secs
Mon Nov 25 15:42:35 2019: Image # 128, module RelateObjects # 17: CPU_time = 0.53 secs, Wall_time = 0.54 secs
Mon Nov 25 15:42:35 2019: Image # 128, module ExportToSpreadsheet # 18: CPU_time = 0.00 secs, Wall_time = 0.00 secs
Mon Nov 25 15:42:35 2019: Image # 128, module CreateBatchFiles # 19: CPU_time = 0.00 secs, Wall_time = 0.00 secs
