
####  ####  #     #     ####  ####   ####  ####  ##  #     ####  ####
#     #     #     #     #  #  #  #   #  #  #     ##  #     #     #  #
#     ####  #     #     ####  ##     #  #  ###   ##  #     ####  ##
#     #     #     #     #     #  #   #  #  #     ##  #     #     #  #
####  ####  ####  ####  #     #  #   ####  #     ##  ####  ####  #  #

CellProfiler Log
Command: 6 1
Command: 
Home Directory: /home/jna7035
Path to CellProfiler Software: /projects/b1059/projects/Joy/CellProfiler
LOG:     Begin CellProfiler Analysis
LOG:     Project Title: 20191119_example
LOG:     Number of Images in 20191119_example Project: 20
LOG:     CellProfiler Version: cellprofiler_4.0.3.sif

#########################################
## Loading singularity module on QUEST ##
#########################################


#####################################################
## Setting base directories for project/experiment ##
#####################################################


############################################
## Making image-specific output directory ##
############################################


############################
## Executing cellprofiler ##
############################

Times reported are CPU and Wall-clock times for each module
Sun Oct 18 14:04:22 2020: Image # 6, module LoadData # 1: CPU_time = 1.51 secs, Wall_time = 1.64 secs
Sun Oct 18 14:04:24 2020: Image # 6, module ImageMath # 2: CPU_time = 0.02 secs, Wall_time = 0.01 secs
Sun Oct 18 14:04:24 2020: Image # 6, module MaskImage # 3: CPU_time = 0.05 secs, Wall_time = 0.05 secs
Sun Oct 18 14:04:24 2020: Image # 6, module IdentifyPrimaryObjects # 4: CPU_time = 1.51 secs, Wall_time = 1.51 secs
Sun Oct 18 14:04:25 2020: Image # 6, module CorrectIlluminationCalculate # 5: CPU_time = 102.65 secs, Wall_time = 102.66 secs
Sun Oct 18 14:06:08 2020: Image # 6, module CorrectIlluminationApply # 6: CPU_time = 0.02 secs, Wall_time = 0.02 secs
Sun Oct 18 14:06:08 2020: Image # 6, module IdentifyPrimaryObjects # 7: CPU_time = 2.30 secs, Wall_time = 2.29 secs
Sun Oct 18 14:06:10 2020: Image # 6, module ConvertObjectsToImage # 8: CPU_time = 0.01 secs, Wall_time = 0.01 secs
Sun Oct 18 14:06:10 2020: Image # 6, module UntangleWorms # 9: CPU_time = 38.64 secs, Wall_time = 38.65 secs
Sun Oct 18 14:06:49 2020: Image # 6, module UntangleWorms # 10: CPU_time = 21.87 secs, Wall_time = 21.87 secs
Sun Oct 18 14:07:11 2020: Image # 6, module UntangleWorms # 11: CPU_time = 3.72 secs, Wall_time = 3.72 secs
Sun Oct 18 14:07:15 2020: Image # 6, module UntangleWorms # 12: CPU_time = 2.84 secs, Wall_time = 2.85 secs
Sun Oct 18 14:07:17 2020: Image # 6, module RescaleIntensity # 13: CPU_time = 0.04 secs, Wall_time = 0.04 secs
Sun Oct 18 14:07:18 2020: Image # 6, module OverlayOutlines # 14: CPU_time = 0.76 secs, Wall_time = 0.76 secs
Sun Oct 18 14:07:18 2020: Image # 6, module SaveImages # 15: CPU_time = 4.59 secs, Wall_time = 4.60 secs
Sun Oct 18 14:07:23 2020: Image # 6, module MeasureObjectIntensity # 16: CPU_time = 0.85 secs, Wall_time = 0.86 secs
Sun Oct 18 14:07:24 2020: Image # 6, module MeasureObjectSizeShape # 17: CPU_time = 0.40 secs, Wall_time = 0.40 secs
Sun Oct 18 14:07:24 2020: Image # 6, module RelateObjects # 18: CPU_time = 0.00 secs, Wall_time = 0.00 secs
Sun Oct 18 14:07:24 2020: Image # 6, module RelateObjects # 19: CPU_time = 0.00 secs, Wall_time = 0.00 secs
Sun Oct 18 14:07:24 2020: Image # 6, module RelateObjects # 20: CPU_time = 0.03 secs, Wall_time = 0.03 secs
Sun Oct 18 14:07:24 2020: Image # 6, module RelateObjects # 21: CPU_time = 0.03 secs, Wall_time = 0.03 secs
Sun Oct 18 14:07:24 2020: Image # 6, module ExportToSpreadsheet # 22: CPU_time = 0.00 secs, Wall_time = 0.00 secs
Sun Oct 18 14:07:24 2020: Image # 6, module CreateBatchFiles # 23: CPU_time = 0.00 secs, Wall_time = 0.00 secs

#####################################################
## Moving Output Data Files to Summary Data Folder ##
#####################################################


#######################################################
## Moving Processed Images to Project Summary Folder ##
#######################################################


################################################
## Moving Log Files to Project Summary Folder ##
################################################


####################################
## Removing Temporary Directories ##
####################################

