
####  ####  #     #     ####  ####   ####  ####  ##  #     ####  ####
#     #     #     #     #  #  #  #   #  #  #     ##  #     #     #  #
#     ####  #     #     ####  ##     #  #  ###   ##  #     ####  ##
#     #     #     #     #     #  #   #  #  #     ##  #     #     #  #
####  ####  ####  ####  #     #  #   ####  #     ##  ####  ####  #  #

CellProfiler Log
Command: 13 1
Command: 
Home Directory: /home/jna7035
Path to CellProfiler Software: /projects/b1059/projects/Joy/CellProfiler
LOG:     Begin CellProfiler Analysis
LOG:     Project Title: 20191119_example
LOG:     Number of Images in 20191119_example Project: 20
LOG:     CellProfiler Version: cellprofiler_4.0.3.sif

#########################################
## Loading singularity module on QUEST ##
#########################################


#####################################################
## Setting base directories for project/experiment ##
#####################################################


############################################
## Making image-specific output directory ##
############################################


############################
## Executing cellprofiler ##
############################

Times reported are CPU and Wall-clock times for each module
Wed Oct 21 10:05:48 2020: Image # 13, module LoadData # 1: CPU_time = 1.50 secs, Wall_time = 1.58 secs
Wed Oct 21 10:05:49 2020: Image # 13, module ImageMath # 2: CPU_time = 0.02 secs, Wall_time = 0.01 secs
Wed Oct 21 10:05:49 2020: Image # 13, module MaskImage # 3: CPU_time = 0.05 secs, Wall_time = 0.05 secs
Wed Oct 21 10:05:49 2020: Image # 13, module IdentifyPrimaryObjects # 4: CPU_time = 1.55 secs, Wall_time = 1.55 secs
Wed Oct 21 10:05:51 2020: Image # 13, module CorrectIlluminationCalculate # 5: CPU_time = 100.83 secs, Wall_time = 100.82 secs
Wed Oct 21 10:07:32 2020: Image # 13, module CorrectIlluminationApply # 6: CPU_time = 0.02 secs, Wall_time = 0.02 secs
Wed Oct 21 10:07:32 2020: Image # 13, module IdentifyPrimaryObjects # 7: CPU_time = 2.42 secs, Wall_time = 2.41 secs
Wed Oct 21 10:07:34 2020: Image # 13, module ConvertObjectsToImage # 8: CPU_time = 0.01 secs, Wall_time = 0.01 secs
Wed Oct 21 10:07:34 2020: Image # 13, module UntangleWorms # 9: CPU_time = 58.76 secs, Wall_time = 58.77 secs
Wed Oct 21 10:08:33 2020: Image # 13, module UntangleWorms # 10: CPU_time = 56.98 secs, Wall_time = 56.99 secs
Wed Oct 21 10:09:30 2020: Image # 13, module UntangleWorms # 11: CPU_time = 32.84 secs, Wall_time = 32.84 secs
Wed Oct 21 10:10:03 2020: Image # 13, module UntangleWorms # 12: CPU_time = 6.10 secs, Wall_time = 6.11 secs
Wed Oct 21 10:10:09 2020: Image # 13, module RescaleIntensity # 13: CPU_time = 0.04 secs, Wall_time = 0.04 secs
Wed Oct 21 10:10:09 2020: Image # 13, module OverlayOutlines # 14: CPU_time = 0.78 secs, Wall_time = 0.78 secs
Wed Oct 21 10:10:10 2020: Image # 13, module SaveImages # 15: CPU_time = 3.74 secs, Wall_time = 3.74 secs
Wed Oct 21 10:10:13 2020: Image # 13, module MeasureObjectIntensity # 16: CPU_time = 1.21 secs, Wall_time = 1.21 secs
Wed Oct 21 10:10:14 2020: Image # 13, module MeasureObjectSizeShape # 17: CPU_time = 1.05 secs, Wall_time = 1.05 secs
Wed Oct 21 10:10:16 2020: Image # 13, module RelateObjects # 18: CPU_time = 0.03 secs, Wall_time = 0.03 secs
Wed Oct 21 10:10:16 2020: Image # 13, module RelateObjects # 19: CPU_time = 0.03 secs, Wall_time = 0.03 secs
Wed Oct 21 10:10:16 2020: Image # 13, module RelateObjects # 20: CPU_time = 0.03 secs, Wall_time = 0.03 secs
Wed Oct 21 10:10:16 2020: Image # 13, module RelateObjects # 21: CPU_time = 0.03 secs, Wall_time = 0.03 secs
Wed Oct 21 10:10:16 2020: Image # 13, module ExportToSpreadsheet # 22: CPU_time = 0.00 secs, Wall_time = 0.00 secs
Wed Oct 21 10:10:16 2020: Image # 13, module CreateBatchFiles # 23: CPU_time = 0.00 secs, Wall_time = 0.00 secs

#####################################################
## Moving Output Data Files to Summary Data Folder ##
#####################################################


#######################################################
## Moving Processed Images to Project Summary Folder ##
#######################################################


################################################
## Moving Log Files to Project Summary Folder ##
################################################


####################################
## Removing Temporary Directories ##
####################################

