
####  ####  #     #     ####  ####   ####  ####  ##  #     ####  ####
#     #     #     #     #  #  #  #   #  #  #     ##  #     #     #  #
#     ####  #     #     ####  ##     #  #  ###   ##  #     ####  ##
#     #     #     #     #     #  #   #  #  #     ##  #     #     #  #
####  ####  ####  ####  #     #  #   ####  #     ##  ####  ####  #  #

CellProfiler Log
Command: 3 1
Command: 
Home Directory: /home/jna7035
Path to CellProfiler Software: /projects/b1059/projects/Joy/CellProfiler
LOG:     Begin CellProfiler Analysis
LOG:     Project Title: 20191119_example
LOG:     Number of Images in 20191119_example Project: 20
LOG:     CellProfiler Version: cellprofiler_4.0.3.sif

#########################################
## Loading singularity module on QUEST ##
#########################################


#####################################################
## Setting base directories for project/experiment ##
#####################################################


############################################
## Making image-specific output directory ##
############################################


############################
## Executing cellprofiler ##
############################

Times reported are CPU and Wall-clock times for each module
Sun Oct 18 14:04:26 2020: Image # 3, module LoadData # 1: CPU_time = 1.53 secs, Wall_time = 1.60 secs
Sun Oct 18 14:04:27 2020: Image # 3, module ImageMath # 2: CPU_time = 0.02 secs, Wall_time = 0.01 secs
Sun Oct 18 14:04:27 2020: Image # 3, module MaskImage # 3: CPU_time = 0.05 secs, Wall_time = 0.05 secs
Sun Oct 18 14:04:27 2020: Image # 3, module IdentifyPrimaryObjects # 4: CPU_time = 1.77 secs, Wall_time = 1.77 secs
Sun Oct 18 14:04:29 2020: Image # 3, module CorrectIlluminationCalculate # 5: CPU_time = 103.21 secs, Wall_time = 103.21 secs
Sun Oct 18 14:06:12 2020: Image # 3, module CorrectIlluminationApply # 6: CPU_time = 0.02 secs, Wall_time = 0.03 secs
Sun Oct 18 14:06:12 2020: Image # 3, module IdentifyPrimaryObjects # 7: CPU_time = 2.63 secs, Wall_time = 2.63 secs
Sun Oct 18 14:06:15 2020: Image # 3, module ConvertObjectsToImage # 8: CPU_time = 0.01 secs, Wall_time = 0.01 secs
Sun Oct 18 14:06:15 2020: Image # 3, module UntangleWorms # 9: CPU_time = 57.81 secs, Wall_time = 57.82 secs
Sun Oct 18 14:07:13 2020: Image # 3, module UntangleWorms # 10: CPU_time = 4.87 secs, Wall_time = 4.87 secs
Sun Oct 18 14:07:18 2020: Image # 3, module UntangleWorms # 11: CPU_time = 2.95 secs, Wall_time = 2.95 secs
Sun Oct 18 14:07:21 2020: Image # 3, module UntangleWorms # 12: CPU_time = 2.97 secs, Wall_time = 2.97 secs
Sun Oct 18 14:07:23 2020: Image # 3, module RescaleIntensity # 13: CPU_time = 0.03 secs, Wall_time = 0.03 secs
Sun Oct 18 14:07:24 2020: Image # 3, module OverlayOutlines # 14: CPU_time = 0.99 secs, Wall_time = 0.98 secs
Sun Oct 18 14:07:25 2020: Image # 3, module SaveImages # 15: CPU_time = 4.65 secs, Wall_time = 4.68 secs
Sun Oct 18 14:07:29 2020: Image # 3, module MeasureObjectIntensity # 16: CPU_time = 0.88 secs, Wall_time = 0.88 secs
Sun Oct 18 14:07:30 2020: Image # 3, module MeasureObjectSizeShape # 17: CPU_time = 0.26 secs, Wall_time = 0.26 secs
Sun Oct 18 14:07:30 2020: Image # 3, module RelateObjects # 18: CPU_time = 0.01 secs, Wall_time = 0.00 secs
Sun Oct 18 14:07:30 2020: Image # 3, module RelateObjects # 19: CPU_time = 0.01 secs, Wall_time = 0.00 secs
Sun Oct 18 14:07:30 2020: Image # 3, module RelateObjects # 20: CPU_time = 0.00 secs, Wall_time = 0.00 secs
Sun Oct 18 14:07:30 2020: Image # 3, module RelateObjects # 21: CPU_time = 0.02 secs, Wall_time = 0.03 secs
Sun Oct 18 14:07:30 2020: Image # 3, module ExportToSpreadsheet # 22: CPU_time = 0.00 secs, Wall_time = 0.00 secs
Sun Oct 18 14:07:30 2020: Image # 3, module CreateBatchFiles # 23: CPU_time = 0.00 secs, Wall_time = 0.00 secs

#####################################################
## Moving Output Data Files to Summary Data Folder ##
#####################################################


#######################################################
## Moving Processed Images to Project Summary Folder ##
#######################################################


################################################
## Moving Log Files to Project Summary Folder ##
################################################


####################################
## Removing Temporary Directories ##
####################################

