
####  ####  #     #     ####  ####   ####  ####  ##  #     ####  ####
#     #     #     #     #  #  #  #   #  #  #     ##  #     #     #  #
#     ####  #     #     ####  ##     #  #  ###   ##  #     ####  ##
#     #     #     #     #     #  #   #  #  #     ##  #     #     #  #
####  ####  ####  ####  #     #  #   ####  #     ##  ####  ####  #  #

CellProfiler Log
Command: 15 1
Command: 
Home Directory: /home/jna7035
Path to CellProfiler Software: /projects/b1059/projects/Joy/CellProfiler
LOG:     Begin CellProfiler Analysis
LOG:     Project Title: 20191119_example
LOG:     Number of Images in 20191119_example Project: 20
LOG:     CellProfiler Version: cellprofiler_4.0.3.sif

#########################################
## Loading singularity module on QUEST ##
#########################################


#####################################################
## Setting base directories for project/experiment ##
#####################################################


############################################
## Making image-specific output directory ##
############################################


############################
## Executing cellprofiler ##
############################

Times reported are CPU and Wall-clock times for each module
Wed Oct 21 10:05:48 2020: Image # 15, module LoadData # 1: CPU_time = 1.48 secs, Wall_time = 1.56 secs
Wed Oct 21 10:05:49 2020: Image # 15, module ImageMath # 2: CPU_time = 0.00 secs, Wall_time = 0.01 secs
Wed Oct 21 10:05:49 2020: Image # 15, module MaskImage # 3: CPU_time = 0.05 secs, Wall_time = 0.05 secs
Wed Oct 21 10:05:49 2020: Image # 15, module IdentifyPrimaryObjects # 4: CPU_time = 1.54 secs, Wall_time = 1.54 secs
Wed Oct 21 10:05:51 2020: Image # 15, module CorrectIlluminationCalculate # 5: CPU_time = 100.02 secs, Wall_time = 100.01 secs
Wed Oct 21 10:07:31 2020: Image # 15, module CorrectIlluminationApply # 6: CPU_time = 0.02 secs, Wall_time = 0.02 secs
Wed Oct 21 10:07:31 2020: Image # 15, module IdentifyPrimaryObjects # 7: CPU_time = 2.38 secs, Wall_time = 2.38 secs
Wed Oct 21 10:07:33 2020: Image # 15, module ConvertObjectsToImage # 8: CPU_time = 0.02 secs, Wall_time = 0.01 secs
Wed Oct 21 10:07:33 2020: Image # 15, module UntangleWorms # 9: CPU_time = 81.19 secs, Wall_time = 81.19 secs
Wed Oct 21 10:08:54 2020: Image # 15, module UntangleWorms # 10: CPU_time = 68.65 secs, Wall_time = 68.65 secs
Wed Oct 21 10:10:03 2020: Image # 15, module UntangleWorms # 11: CPU_time = 35.62 secs, Wall_time = 35.62 secs
Wed Oct 21 10:10:39 2020: Image # 15, module UntangleWorms # 12: CPU_time = 8.86 secs, Wall_time = 8.87 secs
Wed Oct 21 10:10:47 2020: Image # 15, module RescaleIntensity # 13: CPU_time = 0.03 secs, Wall_time = 0.03 secs
Wed Oct 21 10:10:48 2020: Image # 15, module OverlayOutlines # 14: CPU_time = 0.74 secs, Wall_time = 0.75 secs
Wed Oct 21 10:10:48 2020: Image # 15, module SaveImages # 15: CPU_time = 4.39 secs, Wall_time = 4.39 secs
Wed Oct 21 10:10:53 2020: Image # 15, module MeasureObjectIntensity # 16: CPU_time = 1.20 secs, Wall_time = 1.20 secs
Wed Oct 21 10:10:54 2020: Image # 15, module MeasureObjectSizeShape # 17: CPU_time = 1.13 secs, Wall_time = 1.12 secs
Wed Oct 21 10:10:55 2020: Image # 15, module RelateObjects # 18: CPU_time = 0.03 secs, Wall_time = 0.03 secs
Wed Oct 21 10:10:55 2020: Image # 15, module RelateObjects # 19: CPU_time = 0.03 secs, Wall_time = 0.03 secs
Wed Oct 21 10:10:55 2020: Image # 15, module RelateObjects # 20: CPU_time = 0.03 secs, Wall_time = 0.03 secs
Wed Oct 21 10:10:55 2020: Image # 15, module RelateObjects # 21: CPU_time = 0.02 secs, Wall_time = 0.03 secs
Wed Oct 21 10:10:55 2020: Image # 15, module ExportToSpreadsheet # 22: CPU_time = 0.00 secs, Wall_time = 0.00 secs
Wed Oct 21 10:10:55 2020: Image # 15, module CreateBatchFiles # 23: CPU_time = 0.00 secs, Wall_time = 0.00 secs

#####################################################
## Moving Output Data Files to Summary Data Folder ##
#####################################################


#######################################################
## Moving Processed Images to Project Summary Folder ##
#######################################################


################################################
## Moving Log Files to Project Summary Folder ##
################################################


####################################
## Removing Temporary Directories ##
####################################

