
####  ####  #     #     ####  ####   ####  ####  ##  #     ####  ####
#     #     #     #     #  #  #  #   #  #  #     ##  #     #     #  #
#     ####  #     #     ####  ##     #  #  ###   ##  #     ####  ##
#     #     #     #     #     #  #   #  #  #     ##  #     #     #  #
####  ####  ####  ####  #     #  #   ####  #     ##  ####  ####  #  #

CellProfiler Log
Command: 17 1
Command: 
Home Directory: /home/jna7035
Path to CellProfiler Software: /projects/b1059/projects/Joy/CellProfiler
LOG:     Begin CellProfiler Analysis
LOG:     Project Title: 20191119_example
LOG:     Number of Images in 20191119_example Project: 20
LOG:     CellProfiler Version: cellprofiler_4.0.3.sif

#########################################
## Loading singularity module on QUEST ##
#########################################


#####################################################
## Setting base directories for project/experiment ##
#####################################################


############################################
## Making image-specific output directory ##
############################################


############################
## Executing cellprofiler ##
############################

Times reported are CPU and Wall-clock times for each module
Wed Oct 21 10:05:47 2020: Image # 17, module LoadData # 1: CPU_time = 1.56 secs, Wall_time = 1.66 secs
Wed Oct 21 10:05:49 2020: Image # 17, module ImageMath # 2: CPU_time = 0.01 secs, Wall_time = 0.02 secs
Wed Oct 21 10:05:49 2020: Image # 17, module MaskImage # 3: CPU_time = 0.05 secs, Wall_time = 0.06 secs
Wed Oct 21 10:05:49 2020: Image # 17, module IdentifyPrimaryObjects # 4: CPU_time = 1.86 secs, Wall_time = 1.86 secs
Wed Oct 21 10:05:51 2020: Image # 17, module CorrectIlluminationCalculate # 5: CPU_time = 98.93 secs, Wall_time = 98.93 secs
Wed Oct 21 10:07:30 2020: Image # 17, module CorrectIlluminationApply # 6: CPU_time = 0.02 secs, Wall_time = 0.03 secs
Wed Oct 21 10:07:30 2020: Image # 17, module IdentifyPrimaryObjects # 7: CPU_time = 2.90 secs, Wall_time = 2.90 secs
Wed Oct 21 10:07:33 2020: Image # 17, module ConvertObjectsToImage # 8: CPU_time = 0.02 secs, Wall_time = 0.01 secs
Wed Oct 21 10:07:33 2020: Image # 17, module UntangleWorms # 9: CPU_time = 94.28 secs, Wall_time = 94.30 secs
Wed Oct 21 10:09:07 2020: Image # 17, module UntangleWorms # 10: CPU_time = 87.79 secs, Wall_time = 87.79 secs
Wed Oct 21 10:10:35 2020: Image # 17, module UntangleWorms # 11: CPU_time = 72.12 secs, Wall_time = 72.12 secs
Wed Oct 21 10:11:47 2020: Image # 17, module UntangleWorms # 12: CPU_time = 35.76 secs, Wall_time = 35.76 secs
Wed Oct 21 10:12:23 2020: Image # 17, module RescaleIntensity # 13: CPU_time = 0.04 secs, Wall_time = 0.04 secs
Wed Oct 21 10:12:23 2020: Image # 17, module OverlayOutlines # 14: CPU_time = 0.99 secs, Wall_time = 0.99 secs
Wed Oct 21 10:12:24 2020: Image # 17, module SaveImages # 15: CPU_time = 3.56 secs, Wall_time = 3.58 secs
Wed Oct 21 10:12:28 2020: Image # 17, module MeasureObjectIntensity # 16: CPU_time = 1.36 secs, Wall_time = 1.35 secs
Wed Oct 21 10:12:29 2020: Image # 17, module MeasureObjectSizeShape # 17: CPU_time = 1.55 secs, Wall_time = 1.55 secs
Wed Oct 21 10:12:30 2020: Image # 17, module RelateObjects # 18: CPU_time = 0.04 secs, Wall_time = 0.04 secs
Wed Oct 21 10:12:31 2020: Image # 17, module RelateObjects # 19: CPU_time = 0.03 secs, Wall_time = 0.04 secs
Wed Oct 21 10:12:31 2020: Image # 17, module RelateObjects # 20: CPU_time = 0.03 secs, Wall_time = 0.03 secs
Wed Oct 21 10:12:31 2020: Image # 17, module RelateObjects # 21: CPU_time = 0.03 secs, Wall_time = 0.03 secs
Wed Oct 21 10:12:31 2020: Image # 17, module ExportToSpreadsheet # 22: CPU_time = 0.00 secs, Wall_time = 0.00 secs
Wed Oct 21 10:12:31 2020: Image # 17, module CreateBatchFiles # 23: CPU_time = 0.00 secs, Wall_time = 0.00 secs

#####################################################
## Moving Output Data Files to Summary Data Folder ##
#####################################################


#######################################################
## Moving Processed Images to Project Summary Folder ##
#######################################################


################################################
## Moving Log Files to Project Summary Folder ##
################################################


####################################
## Removing Temporary Directories ##
####################################

