
####  ####  #     #     ####  ####   ####  ####  ##  #     ####  ####
#     #     #     #     #  #  #  #   #  #  #     ##  #     #     #  #
#     ####  #     #     ####  ##     #  #  ###   ##  #     ####  ##
#     #     #     #     #     #  #   #  #  #     ##  #     #     #  #
####  ####  ####  ####  #     #  #   ####  #     ##  ####  ####  #  #

CellProfiler Log
Command: 4 1
Command: 
Home Directory: /home/jna7035
Path to CellProfiler Software: /projects/b1059/projects/Joy/CellProfiler
LOG:     Begin CellProfiler Analysis
LOG:     Project Title: 20191119_example
LOG:     Number of Images in 20191119_example Project: 20
LOG:     CellProfiler Version: cellprofiler_4.0.3.sif

#########################################
## Loading singularity module on QUEST ##
#########################################


#####################################################
## Setting base directories for project/experiment ##
#####################################################


############################################
## Making image-specific output directory ##
############################################


############################
## Executing cellprofiler ##
############################

Times reported are CPU and Wall-clock times for each module
Sun Oct 18 14:04:26 2020: Image # 4, module LoadData # 1: CPU_time = 1.51 secs, Wall_time = 1.56 secs
Sun Oct 18 14:04:27 2020: Image # 4, module ImageMath # 2: CPU_time = 0.01 secs, Wall_time = 0.01 secs
Sun Oct 18 14:04:27 2020: Image # 4, module MaskImage # 3: CPU_time = 0.05 secs, Wall_time = 0.06 secs
Sun Oct 18 14:04:27 2020: Image # 4, module IdentifyPrimaryObjects # 4: CPU_time = 1.78 secs, Wall_time = 1.78 secs
Sun Oct 18 14:04:29 2020: Image # 4, module CorrectIlluminationCalculate # 5: CPU_time = 102.92 secs, Wall_time = 102.94 secs
Sun Oct 18 14:06:12 2020: Image # 4, module CorrectIlluminationApply # 6: CPU_time = 0.03 secs, Wall_time = 0.03 secs
Sun Oct 18 14:06:12 2020: Image # 4, module IdentifyPrimaryObjects # 7: CPU_time = 2.64 secs, Wall_time = 2.64 secs
Sun Oct 18 14:06:15 2020: Image # 4, module ConvertObjectsToImage # 8: CPU_time = 0.01 secs, Wall_time = 0.01 secs
Sun Oct 18 14:06:15 2020: Image # 4, module UntangleWorms # 9: CPU_time = 57.18 secs, Wall_time = 57.18 secs
Sun Oct 18 14:07:12 2020: Image # 4, module UntangleWorms # 10: CPU_time = 6.30 secs, Wall_time = 6.30 secs
Sun Oct 18 14:07:18 2020: Image # 4, module UntangleWorms # 11: CPU_time = 2.75 secs, Wall_time = 2.75 secs
Sun Oct 18 14:07:21 2020: Image # 4, module UntangleWorms # 12: CPU_time = 2.76 secs, Wall_time = 2.76 secs
Sun Oct 18 14:07:24 2020: Image # 4, module RescaleIntensity # 13: CPU_time = 0.04 secs, Wall_time = 0.04 secs
Sun Oct 18 14:07:24 2020: Image # 4, module OverlayOutlines # 14: CPU_time = 0.98 secs, Wall_time = 0.97 secs
Sun Oct 18 14:07:25 2020: Image # 4, module SaveImages # 15: CPU_time = 4.60 secs, Wall_time = 4.61 secs
Sun Oct 18 14:07:29 2020: Image # 4, module MeasureObjectIntensity # 16: CPU_time = 1.05 secs, Wall_time = 1.05 secs
Sun Oct 18 14:07:30 2020: Image # 4, module MeasureObjectSizeShape # 17: CPU_time = 0.30 secs, Wall_time = 0.32 secs
Sun Oct 18 14:07:31 2020: Image # 4, module RelateObjects # 18: CPU_time = 0.00 secs, Wall_time = 0.00 secs
Sun Oct 18 14:07:31 2020: Image # 4, module RelateObjects # 19: CPU_time = 0.02 secs, Wall_time = 0.00 secs
Sun Oct 18 14:07:31 2020: Image # 4, module RelateObjects # 20: CPU_time = 0.02 secs, Wall_time = 0.02 secs
Sun Oct 18 14:07:31 2020: Image # 4, module RelateObjects # 21: CPU_time = 0.03 secs, Wall_time = 0.02 secs
Sun Oct 18 14:07:31 2020: Image # 4, module ExportToSpreadsheet # 22: CPU_time = 0.00 secs, Wall_time = 0.00 secs
Sun Oct 18 14:07:31 2020: Image # 4, module CreateBatchFiles # 23: CPU_time = 0.00 secs, Wall_time = 0.00 secs

#####################################################
## Moving Output Data Files to Summary Data Folder ##
#####################################################


#######################################################
## Moving Processed Images to Project Summary Folder ##
#######################################################


################################################
## Moving Log Files to Project Summary Folder ##
################################################


####################################
## Removing Temporary Directories ##
####################################

