
####  ####  #     #     ####  ####   ####  ####  ##  #     ####  ####
#     #     #     #     #  #  #  #   #  #  #     ##  #     #     #  #
#     ####  #     #     ####  ##     #  #  ###   ##  #     ####  ##
#     #     #     #     #     #  #   #  #  #     ##  #     #     #  #
####  ####  ####  ####  #     #  #   ####  #     ##  ####  ####  #  #

CellProfiler Log
Command: 14 1
Command: 
Home Directory: /home/jna7035
Path to CellProfiler Software: /projects/b1059/projects/Joy/CellProfiler
LOG:     Begin CellProfiler Analysis
LOG:     Project Title: 20191119_example
LOG:     Number of Images in 20191119_example Project: 20
LOG:     CellProfiler Version: cellprofiler_4.0.3.sif

#########################################
## Loading singularity module on QUEST ##
#########################################


#####################################################
## Setting base directories for project/experiment ##
#####################################################


############################################
## Making image-specific output directory ##
############################################


############################
## Executing cellprofiler ##
############################

Times reported are CPU and Wall-clock times for each module
Sun Oct 18 14:04:26 2020: Image # 14, module LoadData # 1: CPU_time = 1.60 secs, Wall_time = 1.68 secs
Sun Oct 18 14:04:27 2020: Image # 14, module ImageMath # 2: CPU_time = 0.01 secs, Wall_time = 0.02 secs
Sun Oct 18 14:04:27 2020: Image # 14, module MaskImage # 3: CPU_time = 0.05 secs, Wall_time = 0.06 secs
Sun Oct 18 14:04:27 2020: Image # 14, module IdentifyPrimaryObjects # 4: CPU_time = 1.77 secs, Wall_time = 1.77 secs
Sun Oct 18 14:04:29 2020: Image # 14, module CorrectIlluminationCalculate # 5: CPU_time = 99.48 secs, Wall_time = 99.70 secs
Sun Oct 18 14:06:09 2020: Image # 14, module CorrectIlluminationApply # 6: CPU_time = 0.04 secs, Wall_time = 0.03 secs
Sun Oct 18 14:06:09 2020: Image # 14, module IdentifyPrimaryObjects # 7: CPU_time = 2.63 secs, Wall_time = 2.65 secs
Sun Oct 18 14:06:12 2020: Image # 14, module ConvertObjectsToImage # 8: CPU_time = 0.01 secs, Wall_time = 0.01 secs
Sun Oct 18 14:06:12 2020: Image # 14, module UntangleWorms # 9: CPU_time = 114.99 secs, Wall_time = 115.32 secs
Sun Oct 18 14:08:07 2020: Image # 14, module UntangleWorms # 10: CPU_time = 107.54 secs, Wall_time = 107.82 secs
Sun Oct 18 14:09:55 2020: Image # 14, module UntangleWorms # 11: CPU_time = 67.95 secs, Wall_time = 68.04 secs
Sun Oct 18 14:11:03 2020: Image # 14, module UntangleWorms # 12: CPU_time = 13.86 secs, Wall_time = 13.87 secs
Sun Oct 18 14:11:17 2020: Image # 14, module RescaleIntensity # 13: CPU_time = 0.06 secs, Wall_time = 0.05 secs
Sun Oct 18 14:11:17 2020: Image # 14, module OverlayOutlines # 14: CPU_time = 1.02 secs, Wall_time = 1.01 secs
Sun Oct 18 14:11:18 2020: Image # 14, module SaveImages # 15: CPU_time = 4.19 secs, Wall_time = 4.22 secs
Sun Oct 18 14:11:22 2020: Image # 14, module MeasureObjectIntensity # 16: CPU_time = 1.51 secs, Wall_time = 1.52 secs
Sun Oct 18 14:11:23 2020: Image # 14, module MeasureObjectSizeShape # 17: CPU_time = 1.47 secs, Wall_time = 1.47 secs
Sun Oct 18 14:11:25 2020: Image # 14, module RelateObjects # 18: CPU_time = 0.04 secs, Wall_time = 0.03 secs
Sun Oct 18 14:11:25 2020: Image # 14, module RelateObjects # 19: CPU_time = 0.04 secs, Wall_time = 0.04 secs
Sun Oct 18 14:11:25 2020: Image # 14, module RelateObjects # 20: CPU_time = 0.04 secs, Wall_time = 0.04 secs
Sun Oct 18 14:11:25 2020: Image # 14, module RelateObjects # 21: CPU_time = 0.04 secs, Wall_time = 0.03 secs
Sun Oct 18 14:11:25 2020: Image # 14, module ExportToSpreadsheet # 22: CPU_time = 0.00 secs, Wall_time = 0.00 secs
Sun Oct 18 14:11:25 2020: Image # 14, module CreateBatchFiles # 23: CPU_time = 0.00 secs, Wall_time = 0.00 secs

#####################################################
## Moving Output Data Files to Summary Data Folder ##
#####################################################


#######################################################
## Moving Processed Images to Project Summary Folder ##
#######################################################


################################################
## Moving Log Files to Project Summary Folder ##
################################################


####################################
## Removing Temporary Directories ##
####################################

