
####  ####  #     #     ####  ####   ####  ####  ##  #     ####  ####
#     #     #     #     #  #  #  #   #  #  #     ##  #     #     #  #
#     ####  #     #     ####  ##     #  #  ###   ##  #     ####  ##
#     #     #     #     #     #  #   #  #  #     ##  #     #     #  #
####  ####  ####  ####  #     #  #   ####  #     ##  ####  ####  #  #

CellProfiler Log
Command: 11 1
Command: 
Home Directory: /home/jna7035
Path to CellProfiler Software: /projects/b1059/projects/Joy/CellProfiler
LOG:     Begin CellProfiler Analysis
LOG:     Project Title: 20191119_example
LOG:     Number of Images in 20191119_example Project: 20
LOG:     CellProfiler Version: cellprofiler_4.0.3.sif

#########################################
## Loading singularity module on QUEST ##
#########################################


#####################################################
## Setting base directories for project/experiment ##
#####################################################


############################################
## Making image-specific output directory ##
############################################


############################
## Executing cellprofiler ##
############################

Times reported are CPU and Wall-clock times for each module
Sun Oct 18 14:04:23 2020: Image # 11, module LoadData # 1: CPU_time = 1.42 secs, Wall_time = 1.48 secs
Sun Oct 18 14:04:24 2020: Image # 11, module ImageMath # 2: CPU_time = 0.00 secs, Wall_time = 0.01 secs
Sun Oct 18 14:04:24 2020: Image # 11, module MaskImage # 3: CPU_time = 0.04 secs, Wall_time = 0.05 secs
Sun Oct 18 14:04:24 2020: Image # 11, module IdentifyPrimaryObjects # 4: CPU_time = 1.49 secs, Wall_time = 1.50 secs
Sun Oct 18 14:04:26 2020: Image # 11, module CorrectIlluminationCalculate # 5: CPU_time = 102.09 secs, Wall_time = 102.36 secs
Sun Oct 18 14:06:08 2020: Image # 11, module CorrectIlluminationApply # 6: CPU_time = 0.02 secs, Wall_time = 0.03 secs
Sun Oct 18 14:06:08 2020: Image # 11, module IdentifyPrimaryObjects # 7: CPU_time = 2.27 secs, Wall_time = 2.27 secs
Sun Oct 18 14:06:10 2020: Image # 11, module ConvertObjectsToImage # 8: CPU_time = 0.01 secs, Wall_time = 0.01 secs
Sun Oct 18 14:06:10 2020: Image # 11, module UntangleWorms # 9: CPU_time = 52.08 secs, Wall_time = 52.27 secs
Sun Oct 18 14:07:03 2020: Image # 11, module UntangleWorms # 10: CPU_time = 36.86 secs, Wall_time = 36.92 secs
Sun Oct 18 14:07:39 2020: Image # 11, module UntangleWorms # 11: CPU_time = 20.89 secs, Wall_time = 20.96 secs
Sun Oct 18 14:08:00 2020: Image # 11, module UntangleWorms # 12: CPU_time = 3.70 secs, Wall_time = 3.71 secs
Sun Oct 18 14:08:04 2020: Image # 11, module RescaleIntensity # 13: CPU_time = 0.03 secs, Wall_time = 0.04 secs
Sun Oct 18 14:08:04 2020: Image # 11, module OverlayOutlines # 14: CPU_time = 0.76 secs, Wall_time = 0.77 secs
Sun Oct 18 14:08:05 2020: Image # 11, module SaveImages # 15: CPU_time = 4.72 secs, Wall_time = 4.73 secs
Sun Oct 18 14:08:10 2020: Image # 11, module MeasureObjectIntensity # 16: CPU_time = 0.98 secs, Wall_time = 1.00 secs
Sun Oct 18 14:08:11 2020: Image # 11, module MeasureObjectSizeShape # 17: CPU_time = 0.73 secs, Wall_time = 0.74 secs
Sun Oct 18 14:08:11 2020: Image # 11, module RelateObjects # 18: CPU_time = 0.00 secs, Wall_time = 0.00 secs
Sun Oct 18 14:08:11 2020: Image # 11, module RelateObjects # 19: CPU_time = 0.04 secs, Wall_time = 0.03 secs
Sun Oct 18 14:08:11 2020: Image # 11, module RelateObjects # 20: CPU_time = 0.03 secs, Wall_time = 0.03 secs
Sun Oct 18 14:08:12 2020: Image # 11, module RelateObjects # 21: CPU_time = 0.03 secs, Wall_time = 0.03 secs
Sun Oct 18 14:08:12 2020: Image # 11, module ExportToSpreadsheet # 22: CPU_time = 0.00 secs, Wall_time = 0.00 secs
Sun Oct 18 14:08:12 2020: Image # 11, module CreateBatchFiles # 23: CPU_time = 0.00 secs, Wall_time = 0.00 secs

#####################################################
## Moving Output Data Files to Summary Data Folder ##
#####################################################


#######################################################
## Moving Processed Images to Project Summary Folder ##
#######################################################


################################################
## Moving Log Files to Project Summary Folder ##
################################################


####################################
## Removing Temporary Directories ##
####################################

