
####  ####  #     #     ####  ####   ####  ####  ##  #     ####  ####
#     #     #     #     #  #  #  #   #  #  #     ##  #     #     #  #
#     ####  #     #     ####  ##     #  #  ###   ##  #     ####  ##
#     #     #     #     #     #  #   #  #  #     ##  #     #     #  #
####  ####  ####  ####  #     #  #   ####  #     ##  ####  ####  #  #

CellProfiler Log
Command: 20 1
Command: 
Home Directory: /home/jna7035
Path to CellProfiler Software: /projects/b1059/projects/Joy/CellProfiler
LOG:     Begin CellProfiler Analysis
LOG:     Project Title: 20191119_example
LOG:     Number of Images in 20191119_example Project: 20
LOG:     CellProfiler Version: cellprofiler_4.0.3.sif

#########################################
## Loading singularity module on QUEST ##
#########################################


#####################################################
## Setting base directories for project/experiment ##
#####################################################


############################################
## Making image-specific output directory ##
############################################


############################
## Executing cellprofiler ##
############################

Times reported are CPU and Wall-clock times for each module
Sun Oct 18 14:04:25 2020: Image # 20, module LoadData # 1: CPU_time = 2.22 secs, Wall_time = 2.28 secs
Sun Oct 18 14:04:28 2020: Image # 20, module ImageMath # 2: CPU_time = 0.03 secs, Wall_time = 0.03 secs
Sun Oct 18 14:04:28 2020: Image # 20, module MaskImage # 3: CPU_time = 0.11 secs, Wall_time = 0.11 secs
Sun Oct 18 14:04:28 2020: Image # 20, module IdentifyPrimaryObjects # 4: CPU_time = 3.01 secs, Wall_time = 3.01 secs
Sun Oct 18 14:04:31 2020: Image # 20, module CorrectIlluminationCalculate # 5: CPU_time = 143.34 secs, Wall_time = 143.39 secs
Sun Oct 18 14:06:54 2020: Image # 20, module CorrectIlluminationApply # 6: CPU_time = 0.09 secs, Wall_time = 0.09 secs
Sun Oct 18 14:06:54 2020: Image # 20, module IdentifyPrimaryObjects # 7: CPU_time = 4.75 secs, Wall_time = 4.75 secs
Sun Oct 18 14:06:59 2020: Image # 20, module ConvertObjectsToImage # 8: CPU_time = 0.06 secs, Wall_time = 0.05 secs
Sun Oct 18 14:06:59 2020: Image # 20, module UntangleWorms # 9: CPU_time = 126.00 secs, Wall_time = 126.04 secs
Sun Oct 18 14:09:05 2020: Image # 20, module UntangleWorms # 10: CPU_time = 123.19 secs, Wall_time = 123.38 secs
Sun Oct 18 14:11:08 2020: Image # 20, module UntangleWorms # 11: CPU_time = 132.01 secs, Wall_time = 132.33 secs
Sun Oct 18 14:13:21 2020: Image # 20, module UntangleWorms # 12: CPU_time = 81.73 secs, Wall_time = 81.79 secs
Sun Oct 18 14:14:43 2020: Image # 20, module RescaleIntensity # 13: CPU_time = 0.12 secs, Wall_time = 0.13 secs
Sun Oct 18 14:14:43 2020: Image # 20, module OverlayOutlines # 14: CPU_time = 1.82 secs, Wall_time = 1.84 secs
Sun Oct 18 14:14:45 2020: Image # 20, module SaveImages # 15: CPU_time = 6.91 secs, Wall_time = 6.93 secs
Sun Oct 18 14:14:52 2020: Image # 20, module MeasureObjectIntensity # 16: CPU_time = 3.13 secs, Wall_time = 3.14 secs
Sun Oct 18 14:14:55 2020: Image # 20, module MeasureObjectSizeShape # 17: CPU_time = 2.78 secs, Wall_time = 2.77 secs
Sun Oct 18 14:14:57 2020: Image # 20, module RelateObjects # 18: CPU_time = 0.10 secs, Wall_time = 0.10 secs
Sun Oct 18 14:14:58 2020: Image # 20, module RelateObjects # 19: CPU_time = 0.08 secs, Wall_time = 0.08 secs
Sun Oct 18 14:14:58 2020: Image # 20, module RelateObjects # 20: CPU_time = 0.07 secs, Wall_time = 0.08 secs
Sun Oct 18 14:14:58 2020: Image # 20, module RelateObjects # 21: CPU_time = 0.07 secs, Wall_time = 0.07 secs
Sun Oct 18 14:14:58 2020: Image # 20, module ExportToSpreadsheet # 22: CPU_time = 0.00 secs, Wall_time = 0.00 secs
Sun Oct 18 14:14:58 2020: Image # 20, module CreateBatchFiles # 23: CPU_time = 0.00 secs, Wall_time = 0.00 secs

#####################################################
## Moving Output Data Files to Summary Data Folder ##
#####################################################


#######################################################
## Moving Processed Images to Project Summary Folder ##
#######################################################


################################################
## Moving Log Files to Project Summary Folder ##
################################################


####################################
## Removing Temporary Directories ##
####################################

