
####  ####  #     #     ####  ####   ####  ####  ##  #     ####  ####
#     #     #     #     #  #  #  #   #  #  #     ##  #     #     #  #
#     ####  #     #     ####  ##     #  #  ###   ##  #     ####  ##
#     #     #     #     #     #  #   #  #  #     ##  #     #     #  #
####  ####  ####  ####  #     #  #   ####  #     ##  ####  ####  #  #

CellProfiler Log
Command: 11 1
Command: 
Home Directory: /home/jna7035
Path to CellProfiler Software: /projects/b1059/projects/Joy/CellProfiler
LOG:     Begin CellProfiler Analysis
LOG:     Project Title: 20191119_example
LOG:     Number of Images in 20191119_example Project: 20
LOG:     CellProfiler Version: cellprofiler_4.0.3.sif

#########################################
## Loading singularity module on QUEST ##
#########################################


#####################################################
## Setting base directories for project/experiment ##
#####################################################


############################################
## Making image-specific output directory ##
############################################


############################
## Executing cellprofiler ##
############################

Times reported are CPU and Wall-clock times for each module
Wed Oct 21 10:05:48 2020: Image # 11, module LoadData # 1: CPU_time = 1.60 secs, Wall_time = 1.68 secs
Wed Oct 21 10:05:49 2020: Image # 11, module ImageMath # 2: CPU_time = 0.01 secs, Wall_time = 0.01 secs
Wed Oct 21 10:05:49 2020: Image # 11, module MaskImage # 3: CPU_time = 0.05 secs, Wall_time = 0.05 secs
Wed Oct 21 10:05:49 2020: Image # 11, module IdentifyPrimaryObjects # 4: CPU_time = 1.54 secs, Wall_time = 1.54 secs
Wed Oct 21 10:05:51 2020: Image # 11, module CorrectIlluminationCalculate # 5: CPU_time = 101.98 secs, Wall_time = 102.00 secs
Wed Oct 21 10:07:33 2020: Image # 11, module CorrectIlluminationApply # 6: CPU_time = 0.02 secs, Wall_time = 0.02 secs
Wed Oct 21 10:07:33 2020: Image # 11, module IdentifyPrimaryObjects # 7: CPU_time = 2.41 secs, Wall_time = 2.40 secs
Wed Oct 21 10:07:35 2020: Image # 11, module ConvertObjectsToImage # 8: CPU_time = 0.01 secs, Wall_time = 0.01 secs
Wed Oct 21 10:07:35 2020: Image # 11, module UntangleWorms # 9: CPU_time = 53.46 secs, Wall_time = 53.48 secs
Wed Oct 21 10:08:29 2020: Image # 11, module UntangleWorms # 10: CPU_time = 37.62 secs, Wall_time = 37.64 secs
Wed Oct 21 10:09:06 2020: Image # 11, module UntangleWorms # 11: CPU_time = 21.51 secs, Wall_time = 21.52 secs
Wed Oct 21 10:09:28 2020: Image # 11, module UntangleWorms # 12: CPU_time = 3.78 secs, Wall_time = 3.79 secs
Wed Oct 21 10:09:32 2020: Image # 11, module RescaleIntensity # 13: CPU_time = 0.04 secs, Wall_time = 0.04 secs
Wed Oct 21 10:09:32 2020: Image # 11, module OverlayOutlines # 14: CPU_time = 0.79 secs, Wall_time = 0.79 secs
Wed Oct 21 10:09:33 2020: Image # 11, module SaveImages # 15: CPU_time = 4.78 secs, Wall_time = 4.80 secs
Wed Oct 21 10:09:37 2020: Image # 11, module MeasureObjectIntensity # 16: CPU_time = 1.11 secs, Wall_time = 1.12 secs
Wed Oct 21 10:09:38 2020: Image # 11, module MeasureObjectSizeShape # 17: CPU_time = 0.75 secs, Wall_time = 0.74 secs
Wed Oct 21 10:09:39 2020: Image # 11, module RelateObjects # 18: CPU_time = 0.00 secs, Wall_time = 0.00 secs
Wed Oct 21 10:09:39 2020: Image # 11, module RelateObjects # 19: CPU_time = 0.04 secs, Wall_time = 0.03 secs
Wed Oct 21 10:09:39 2020: Image # 11, module RelateObjects # 20: CPU_time = 0.03 secs, Wall_time = 0.03 secs
Wed Oct 21 10:09:39 2020: Image # 11, module RelateObjects # 21: CPU_time = 0.03 secs, Wall_time = 0.03 secs
Wed Oct 21 10:09:39 2020: Image # 11, module ExportToSpreadsheet # 22: CPU_time = 0.00 secs, Wall_time = 0.00 secs
Wed Oct 21 10:09:39 2020: Image # 11, module CreateBatchFiles # 23: CPU_time = 0.00 secs, Wall_time = 0.00 secs

#####################################################
## Moving Output Data Files to Summary Data Folder ##
#####################################################


#######################################################
## Moving Processed Images to Project Summary Folder ##
#######################################################


################################################
## Moving Log Files to Project Summary Folder ##
################################################


####################################
## Removing Temporary Directories ##
####################################

