
####  ####  #     #     ####  ####   ####  ####  ##  #     ####  ####
#     #     #     #     #  #  #  #   #  #  #     ##  #     #     #  #
#     ####  #     #     ####  ##     #  #  ###   ##  #     ####  ##
#     #     #     #     #     #  #   #  #  #     ##  #     #     #  #
####  ####  ####  ####  #     #  #   ####  #     ##  ####  ####  #  #

CellProfiler Log
Command: 14 1
Command: 
Home Directory: /home/jna7035
Path to CellProfiler Software: /projects/b1059/projects/Joy/CellProfiler
LOG:     Begin CellProfiler Analysis
LOG:     Project Title: 20191119_example
LOG:     Number of Images in 20191119_example Project: 20
LOG:     CellProfiler Version: cellprofiler_4.0.3.sif

#########################################
## Loading singularity module on QUEST ##
#########################################


#####################################################
## Setting base directories for project/experiment ##
#####################################################


############################################
## Making image-specific output directory ##
############################################


############################
## Executing cellprofiler ##
############################

Times reported are CPU and Wall-clock times for each module
Wed Oct 21 10:05:47 2020: Image # 14, module LoadData # 1: CPU_time = 1.55 secs, Wall_time = 1.67 secs
Wed Oct 21 10:05:49 2020: Image # 14, module ImageMath # 2: CPU_time = 0.01 secs, Wall_time = 0.01 secs
Wed Oct 21 10:05:49 2020: Image # 14, module MaskImage # 3: CPU_time = 0.05 secs, Wall_time = 0.05 secs
Wed Oct 21 10:05:49 2020: Image # 14, module IdentifyPrimaryObjects # 4: CPU_time = 1.55 secs, Wall_time = 1.55 secs
Wed Oct 21 10:05:51 2020: Image # 14, module CorrectIlluminationCalculate # 5: CPU_time = 99.95 secs, Wall_time = 99.96 secs
Wed Oct 21 10:07:31 2020: Image # 14, module CorrectIlluminationApply # 6: CPU_time = 0.02 secs, Wall_time = 0.02 secs
Wed Oct 21 10:07:31 2020: Image # 14, module IdentifyPrimaryObjects # 7: CPU_time = 2.39 secs, Wall_time = 2.39 secs
Wed Oct 21 10:07:33 2020: Image # 14, module ConvertObjectsToImage # 8: CPU_time = 0.02 secs, Wall_time = 0.01 secs
Wed Oct 21 10:07:33 2020: Image # 14, module UntangleWorms # 9: CPU_time = 88.42 secs, Wall_time = 88.42 secs
Wed Oct 21 10:09:02 2020: Image # 14, module UntangleWorms # 10: CPU_time = 80.90 secs, Wall_time = 80.90 secs
Wed Oct 21 10:10:23 2020: Image # 14, module UntangleWorms # 11: CPU_time = 45.00 secs, Wall_time = 45.01 secs
Wed Oct 21 10:11:08 2020: Image # 14, module UntangleWorms # 12: CPU_time = 9.14 secs, Wall_time = 9.14 secs
Wed Oct 21 10:11:17 2020: Image # 14, module RescaleIntensity # 13: CPU_time = 0.03 secs, Wall_time = 0.03 secs
Wed Oct 21 10:11:17 2020: Image # 14, module OverlayOutlines # 14: CPU_time = 0.73 secs, Wall_time = 0.73 secs
Wed Oct 21 10:11:17 2020: Image # 14, module SaveImages # 15: CPU_time = 3.62 secs, Wall_time = 3.62 secs
Wed Oct 21 10:11:21 2020: Image # 14, module MeasureObjectIntensity # 16: CPU_time = 1.23 secs, Wall_time = 1.23 secs
Wed Oct 21 10:11:22 2020: Image # 14, module MeasureObjectSizeShape # 17: CPU_time = 1.30 secs, Wall_time = 1.31 secs
Wed Oct 21 10:11:24 2020: Image # 14, module RelateObjects # 18: CPU_time = 0.03 secs, Wall_time = 0.03 secs
Wed Oct 21 10:11:24 2020: Image # 14, module RelateObjects # 19: CPU_time = 0.04 secs, Wall_time = 0.03 secs
Wed Oct 21 10:11:24 2020: Image # 14, module RelateObjects # 20: CPU_time = 0.03 secs, Wall_time = 0.03 secs
Wed Oct 21 10:11:24 2020: Image # 14, module RelateObjects # 21: CPU_time = 0.02 secs, Wall_time = 0.03 secs
Wed Oct 21 10:11:24 2020: Image # 14, module ExportToSpreadsheet # 22: CPU_time = 0.00 secs, Wall_time = 0.00 secs
Wed Oct 21 10:11:24 2020: Image # 14, module CreateBatchFiles # 23: CPU_time = 0.00 secs, Wall_time = 0.00 secs

#####################################################
## Moving Output Data Files to Summary Data Folder ##
#####################################################


#######################################################
## Moving Processed Images to Project Summary Folder ##
#######################################################


################################################
## Moving Log Files to Project Summary Folder ##
################################################


####################################
## Removing Temporary Directories ##
####################################

