
####  ####  #     #     ####  ####   ####  ####  ##  #     ####  ####
#     #     #     #     #  #  #  #   #  #  #     ##  #     #     #  #
#     ####  #     #     ####  ##     #  #  ###   ##  #     ####  ##
#     #     #     #     #     #  #   #  #  #     ##  #     #     #  #
####  ####  ####  ####  #     #  #   ####  #     ##  ####  ####  #  #

CellProfiler Log
Command: 9 1
Command: 
Home Directory: /home/jna7035
Path to CellProfiler Software: /projects/b1059/projects/Joy/CellProfiler
LOG:     Begin CellProfiler Analysis
LOG:     Project Title: 20191119_example
LOG:     Number of Images in 20191119_example Project: 20
LOG:     CellProfiler Version: cellprofiler_4.0.3.sif

#########################################
## Loading singularity module on QUEST ##
#########################################


#####################################################
## Setting base directories for project/experiment ##
#####################################################


############################################
## Making image-specific output directory ##
############################################


############################
## Executing cellprofiler ##
############################

Times reported are CPU and Wall-clock times for each module
Sun Oct 18 14:04:22 2020: Image # 9, module LoadData # 1: CPU_time = 1.56 secs, Wall_time = 1.69 secs
Sun Oct 18 14:04:24 2020: Image # 9, module ImageMath # 2: CPU_time = 0.02 secs, Wall_time = 0.01 secs
Sun Oct 18 14:04:24 2020: Image # 9, module MaskImage # 3: CPU_time = 0.04 secs, Wall_time = 0.05 secs
Sun Oct 18 14:04:24 2020: Image # 9, module IdentifyPrimaryObjects # 4: CPU_time = 1.49 secs, Wall_time = 1.50 secs
Sun Oct 18 14:04:25 2020: Image # 9, module CorrectIlluminationCalculate # 5: CPU_time = 101.67 secs, Wall_time = 101.67 secs
Sun Oct 18 14:06:07 2020: Image # 9, module CorrectIlluminationApply # 6: CPU_time = 0.02 secs, Wall_time = 0.02 secs
Sun Oct 18 14:06:07 2020: Image # 9, module IdentifyPrimaryObjects # 7: CPU_time = 2.27 secs, Wall_time = 2.26 secs
Sun Oct 18 14:06:09 2020: Image # 9, module ConvertObjectsToImage # 8: CPU_time = 0.01 secs, Wall_time = 0.01 secs
Sun Oct 18 14:06:09 2020: Image # 9, module UntangleWorms # 9: CPU_time = 76.72 secs, Wall_time = 76.73 secs
Sun Oct 18 14:07:26 2020: Image # 9, module UntangleWorms # 10: CPU_time = 43.14 secs, Wall_time = 43.13 secs
Sun Oct 18 14:08:09 2020: Image # 9, module UntangleWorms # 11: CPU_time = 16.24 secs, Wall_time = 16.24 secs
Sun Oct 18 14:08:26 2020: Image # 9, module UntangleWorms # 12: CPU_time = 3.47 secs, Wall_time = 3.47 secs
Sun Oct 18 14:08:29 2020: Image # 9, module RescaleIntensity # 13: CPU_time = 0.04 secs, Wall_time = 0.04 secs
Sun Oct 18 14:08:29 2020: Image # 9, module OverlayOutlines # 14: CPU_time = 0.77 secs, Wall_time = 0.76 secs
Sun Oct 18 14:08:30 2020: Image # 9, module SaveImages # 15: CPU_time = 4.41 secs, Wall_time = 4.41 secs
Sun Oct 18 14:08:34 2020: Image # 9, module MeasureObjectIntensity # 16: CPU_time = 1.03 secs, Wall_time = 1.03 secs
Sun Oct 18 14:08:35 2020: Image # 9, module MeasureObjectSizeShape # 17: CPU_time = 0.73 secs, Wall_time = 0.73 secs
Sun Oct 18 14:08:36 2020: Image # 9, module RelateObjects # 18: CPU_time = 0.01 secs, Wall_time = 0.00 secs
Sun Oct 18 14:08:36 2020: Image # 9, module RelateObjects # 19: CPU_time = 0.03 secs, Wall_time = 0.03 secs
Sun Oct 18 14:08:36 2020: Image # 9, module RelateObjects # 20: CPU_time = 0.02 secs, Wall_time = 0.03 secs
Sun Oct 18 14:08:36 2020: Image # 9, module RelateObjects # 21: CPU_time = 0.02 secs, Wall_time = 0.03 secs
Sun Oct 18 14:08:36 2020: Image # 9, module ExportToSpreadsheet # 22: CPU_time = 0.00 secs, Wall_time = 0.00 secs
Sun Oct 18 14:08:36 2020: Image # 9, module CreateBatchFiles # 23: CPU_time = 0.00 secs, Wall_time = 0.00 secs

#####################################################
## Moving Output Data Files to Summary Data Folder ##
#####################################################


#######################################################
## Moving Processed Images to Project Summary Folder ##
#######################################################


################################################
## Moving Log Files to Project Summary Folder ##
################################################


####################################
## Removing Temporary Directories ##
####################################

