
####  ####  #     #     ####  ####   ####  ####  ##  #     ####  ####
#     #     #     #     #  #  #  #   #  #  #     ##  #     #     #  #
#     ####  #     #     ####  ##     #  #  ###   ##  #     ####  ##
#     #     #     #     #     #  #   #  #  #     ##  #     #     #  #
####  ####  ####  ####  #     #  #   ####  #     ##  ####  ####  #  #

CellProfiler Log
Command: 16 1
Command: 
Home Directory: /home/jna7035
Path to CellProfiler Software: /projects/b1059/projects/Joy/CellProfiler
LOG:     Begin CellProfiler Analysis
LOG:     Project Title: 20191119_example
LOG:     Number of Images in 20191119_example Project: 20
LOG:     CellProfiler Version: cellprofiler_4.0.3.sif

#########################################
## Loading singularity module on QUEST ##
#########################################


#####################################################
## Setting base directories for project/experiment ##
#####################################################


############################################
## Making image-specific output directory ##
############################################


############################
## Executing cellprofiler ##
############################

Times reported are CPU and Wall-clock times for each module
Wed Oct 21 10:05:47 2020: Image # 16, module LoadData # 1: CPU_time = 1.53 secs, Wall_time = 1.60 secs
Wed Oct 21 10:05:49 2020: Image # 16, module ImageMath # 2: CPU_time = 0.01 secs, Wall_time = 0.01 secs
Wed Oct 21 10:05:49 2020: Image # 16, module MaskImage # 3: CPU_time = 0.06 secs, Wall_time = 0.06 secs
Wed Oct 21 10:05:49 2020: Image # 16, module IdentifyPrimaryObjects # 4: CPU_time = 1.87 secs, Wall_time = 1.87 secs
Wed Oct 21 10:05:51 2020: Image # 16, module CorrectIlluminationCalculate # 5: CPU_time = 101.54 secs, Wall_time = 101.56 secs
Wed Oct 21 10:07:33 2020: Image # 16, module CorrectIlluminationApply # 6: CPU_time = 0.02 secs, Wall_time = 0.03 secs
Wed Oct 21 10:07:33 2020: Image # 16, module IdentifyPrimaryObjects # 7: CPU_time = 2.90 secs, Wall_time = 2.91 secs
Wed Oct 21 10:07:36 2020: Image # 16, module ConvertObjectsToImage # 8: CPU_time = 0.02 secs, Wall_time = 0.01 secs
Wed Oct 21 10:07:36 2020: Image # 16, module UntangleWorms # 9: CPU_time = 81.85 secs, Wall_time = 81.89 secs
Wed Oct 21 10:08:57 2020: Image # 16, module UntangleWorms # 10: CPU_time = 73.41 secs, Wall_time = 73.44 secs
Wed Oct 21 10:10:11 2020: Image # 16, module UntangleWorms # 11: CPU_time = 51.50 secs, Wall_time = 51.52 secs
Wed Oct 21 10:11:02 2020: Image # 16, module UntangleWorms # 12: CPU_time = 23.58 secs, Wall_time = 23.58 secs
Wed Oct 21 10:11:26 2020: Image # 16, module RescaleIntensity # 13: CPU_time = 0.05 secs, Wall_time = 0.04 secs
Wed Oct 21 10:11:26 2020: Image # 16, module OverlayOutlines # 14: CPU_time = 1.05 secs, Wall_time = 1.05 secs
Wed Oct 21 10:11:27 2020: Image # 16, module SaveImages # 15: CPU_time = 4.70 secs, Wall_time = 4.70 secs
Wed Oct 21 10:11:32 2020: Image # 16, module MeasureObjectIntensity # 16: CPU_time = 1.64 secs, Wall_time = 1.65 secs
Wed Oct 21 10:11:33 2020: Image # 16, module MeasureObjectSizeShape # 17: CPU_time = 1.33 secs, Wall_time = 1.33 secs
Wed Oct 21 10:11:35 2020: Image # 16, module RelateObjects # 18: CPU_time = 0.04 secs, Wall_time = 0.04 secs
Wed Oct 21 10:11:35 2020: Image # 16, module RelateObjects # 19: CPU_time = 0.04 secs, Wall_time = 0.04 secs
Wed Oct 21 10:11:35 2020: Image # 16, module RelateObjects # 20: CPU_time = 0.04 secs, Wall_time = 0.03 secs
Wed Oct 21 10:11:35 2020: Image # 16, module RelateObjects # 21: CPU_time = 0.03 secs, Wall_time = 0.03 secs
Wed Oct 21 10:11:35 2020: Image # 16, module ExportToSpreadsheet # 22: CPU_time = 0.00 secs, Wall_time = 0.00 secs
Wed Oct 21 10:11:35 2020: Image # 16, module CreateBatchFiles # 23: CPU_time = 0.00 secs, Wall_time = 0.00 secs

#####################################################
## Moving Output Data Files to Summary Data Folder ##
#####################################################


#######################################################
## Moving Processed Images to Project Summary Folder ##
#######################################################


################################################
## Moving Log Files to Project Summary Folder ##
################################################


####################################
## Removing Temporary Directories ##
####################################

