
####  ####  #     #     ####  ####   ####  ####  ##  #     ####  ####
#     #     #     #     #  #  #  #   #  #  #     ##  #     #     #  #
#     ####  #     #     ####  ##     #  #  ###   ##  #     ####  ##
#     #     #     #     #     #  #   #  #  #     ##  #     #     #  #
####  ####  ####  ####  #     #  #   ####  #     ##  ####  ####  #  #

CellProfiler Log
Command: 5 1
Command: 
Home Directory: /home/jna7035
Path to CellProfiler Software: /projects/b1059/projects/Joy/CellProfiler
LOG:     Begin CellProfiler Analysis
LOG:     Project Title: 20191119_example
LOG:     Number of Images in 20191119_example Project: 20
LOG:     CellProfiler Version: cellprofiler_4.0.3.sif

#########################################
## Loading singularity module on QUEST ##
#########################################


#####################################################
## Setting base directories for project/experiment ##
#####################################################


############################################
## Making image-specific output directory ##
############################################


############################
## Executing cellprofiler ##
############################

Times reported are CPU and Wall-clock times for each module
Wed Oct 21 10:05:47 2020: Image # 5, module LoadData # 1: CPU_time = 1.52 secs, Wall_time = 1.61 secs
Wed Oct 21 10:05:49 2020: Image # 5, module ImageMath # 2: CPU_time = 0.02 secs, Wall_time = 0.01 secs
Wed Oct 21 10:05:49 2020: Image # 5, module MaskImage # 3: CPU_time = 0.05 secs, Wall_time = 0.05 secs
Wed Oct 21 10:05:49 2020: Image # 5, module IdentifyPrimaryObjects # 4: CPU_time = 1.53 secs, Wall_time = 1.53 secs
Wed Oct 21 10:05:51 2020: Image # 5, module CorrectIlluminationCalculate # 5: CPU_time = 102.60 secs, Wall_time = 102.60 secs
Wed Oct 21 10:07:33 2020: Image # 5, module CorrectIlluminationApply # 6: CPU_time = 0.02 secs, Wall_time = 0.02 secs
Wed Oct 21 10:07:33 2020: Image # 5, module IdentifyPrimaryObjects # 7: CPU_time = 2.38 secs, Wall_time = 2.37 secs
Wed Oct 21 10:07:36 2020: Image # 5, module ConvertObjectsToImage # 8: CPU_time = 0.01 secs, Wall_time = 0.01 secs
Wed Oct 21 10:07:36 2020: Image # 5, module UntangleWorms # 9: CPU_time = 46.98 secs, Wall_time = 46.97 secs
Wed Oct 21 10:08:23 2020: Image # 5, module UntangleWorms # 10: CPU_time = 17.17 secs, Wall_time = 17.17 secs
Wed Oct 21 10:08:40 2020: Image # 5, module UntangleWorms # 11: CPU_time = 2.02 secs, Wall_time = 2.02 secs
Wed Oct 21 10:08:42 2020: Image # 5, module UntangleWorms # 12: CPU_time = 2.30 secs, Wall_time = 2.30 secs
Wed Oct 21 10:08:44 2020: Image # 5, module RescaleIntensity # 13: CPU_time = 0.02 secs, Wall_time = 0.02 secs
Wed Oct 21 10:08:44 2020: Image # 5, module OverlayOutlines # 14: CPU_time = 0.70 secs, Wall_time = 0.71 secs
Wed Oct 21 10:08:45 2020: Image # 5, module SaveImages # 15: CPU_time = 4.64 secs, Wall_time = 4.63 secs
Wed Oct 21 10:08:50 2020: Image # 5, module MeasureObjectIntensity # 16: CPU_time = 0.79 secs, Wall_time = 0.79 secs
Wed Oct 21 10:08:50 2020: Image # 5, module MeasureObjectSizeShape # 17: CPU_time = 0.32 secs, Wall_time = 0.32 secs
Wed Oct 21 10:08:51 2020: Image # 5, module RelateObjects # 18: CPU_time = 0.01 secs, Wall_time = 0.00 secs
Wed Oct 21 10:08:51 2020: Image # 5, module RelateObjects # 19: CPU_time = 0.01 secs, Wall_time = 0.00 secs
Wed Oct 21 10:08:51 2020: Image # 5, module RelateObjects # 20: CPU_time = 0.02 secs, Wall_time = 0.02 secs
Wed Oct 21 10:08:51 2020: Image # 5, module RelateObjects # 21: CPU_time = 0.02 secs, Wall_time = 0.02 secs
Wed Oct 21 10:08:51 2020: Image # 5, module ExportToSpreadsheet # 22: CPU_time = 0.00 secs, Wall_time = 0.00 secs
Wed Oct 21 10:08:51 2020: Image # 5, module CreateBatchFiles # 23: CPU_time = 0.00 secs, Wall_time = 0.00 secs

#####################################################
## Moving Output Data Files to Summary Data Folder ##
#####################################################


#######################################################
## Moving Processed Images to Project Summary Folder ##
#######################################################


################################################
## Moving Log Files to Project Summary Folder ##
################################################


####################################
## Removing Temporary Directories ##
####################################

