
####  ####  #     #     ####  ####   ####  ####  ##  #     ####  ####
#     #     #     #     #  #  #  #   #  #  #     ##  #     #     #  #
#     ####  #     #     ####  ##     #  #  ###   ##  #     ####  ##
#     #     #     #     #     #  #   #  #  #     ##  #     #     #  #
####  ####  ####  ####  #     #  #   ####  #     ##  ####  ####  #  #

CellProfiler Log
Command: 13 1
Command: 
Home Directory: /home/jna7035
Path to CellProfiler Software: /projects/b1059/projects/Joy/CellProfiler
LOG:     Begin CellProfiler Analysis
LOG:     Project Title: 20191119_example
LOG:     Number of Images in 20191119_example Project: 20
LOG:     CellProfiler Version: cellprofiler_4.0.3.sif

#########################################
## Loading singularity module on QUEST ##
#########################################


#####################################################
## Setting base directories for project/experiment ##
#####################################################


############################################
## Making image-specific output directory ##
############################################


############################
## Executing cellprofiler ##
############################

Times reported are CPU and Wall-clock times for each module
Sun Oct 18 14:04:26 2020: Image # 13, module LoadData # 1: CPU_time = 1.46 secs, Wall_time = 1.51 secs
Sun Oct 18 14:04:27 2020: Image # 13, module ImageMath # 2: CPU_time = 0.01 secs, Wall_time = 0.01 secs
Sun Oct 18 14:04:27 2020: Image # 13, module MaskImage # 3: CPU_time = 0.05 secs, Wall_time = 0.05 secs
Sun Oct 18 14:04:27 2020: Image # 13, module IdentifyPrimaryObjects # 4: CPU_time = 1.48 secs, Wall_time = 1.48 secs
Sun Oct 18 14:04:29 2020: Image # 13, module CorrectIlluminationCalculate # 5: CPU_time = 100.85 secs, Wall_time = 100.87 secs
Sun Oct 18 14:06:10 2020: Image # 13, module CorrectIlluminationApply # 6: CPU_time = 0.02 secs, Wall_time = 0.02 secs
Sun Oct 18 14:06:10 2020: Image # 13, module IdentifyPrimaryObjects # 7: CPU_time = 2.27 secs, Wall_time = 2.28 secs
Sun Oct 18 14:06:12 2020: Image # 13, module ConvertObjectsToImage # 8: CPU_time = 0.01 secs, Wall_time = 0.01 secs
Sun Oct 18 14:06:12 2020: Image # 13, module UntangleWorms # 9: CPU_time = 57.61 secs, Wall_time = 57.61 secs
Sun Oct 18 14:07:09 2020: Image # 13, module UntangleWorms # 10: CPU_time = 55.50 secs, Wall_time = 55.51 secs
Sun Oct 18 14:08:05 2020: Image # 13, module UntangleWorms # 11: CPU_time = 32.18 secs, Wall_time = 32.17 secs
Sun Oct 18 14:08:37 2020: Image # 13, module UntangleWorms # 12: CPU_time = 6.31 secs, Wall_time = 6.31 secs
Sun Oct 18 14:08:43 2020: Image # 13, module RescaleIntensity # 13: CPU_time = 0.05 secs, Wall_time = 0.04 secs
Sun Oct 18 14:08:43 2020: Image # 13, module OverlayOutlines # 14: CPU_time = 0.77 secs, Wall_time = 0.78 secs
Sun Oct 18 14:08:44 2020: Image # 13, module SaveImages # 15: CPU_time = 3.83 secs, Wall_time = 3.82 secs
Sun Oct 18 14:08:48 2020: Image # 13, module MeasureObjectIntensity # 16: CPU_time = 1.16 secs, Wall_time = 1.17 secs
Sun Oct 18 14:08:49 2020: Image # 13, module MeasureObjectSizeShape # 17: CPU_time = 1.06 secs, Wall_time = 1.05 secs
Sun Oct 18 14:08:50 2020: Image # 13, module RelateObjects # 18: CPU_time = 0.02 secs, Wall_time = 0.03 secs
Sun Oct 18 14:08:50 2020: Image # 13, module RelateObjects # 19: CPU_time = 0.04 secs, Wall_time = 0.03 secs
Sun Oct 18 14:08:50 2020: Image # 13, module RelateObjects # 20: CPU_time = 0.03 secs, Wall_time = 0.03 secs
Sun Oct 18 14:08:50 2020: Image # 13, module RelateObjects # 21: CPU_time = 0.03 secs, Wall_time = 0.03 secs
Sun Oct 18 14:08:50 2020: Image # 13, module ExportToSpreadsheet # 22: CPU_time = 0.00 secs, Wall_time = 0.00 secs
Sun Oct 18 14:08:50 2020: Image # 13, module CreateBatchFiles # 23: CPU_time = 0.00 secs, Wall_time = 0.00 secs

#####################################################
## Moving Output Data Files to Summary Data Folder ##
#####################################################


#######################################################
## Moving Processed Images to Project Summary Folder ##
#######################################################


################################################
## Moving Log Files to Project Summary Folder ##
################################################


####################################
## Removing Temporary Directories ##
####################################

