
####  ####  #     #     ####  ####   ####  ####  ##  #     ####  ####
#     #     #     #     #  #  #  #   #  #  #     ##  #     #     #  #
#     ####  #     #     ####  ##     #  #  ###   ##  #     ####  ##
#     #     #     #     #     #  #   #  #  #     ##  #     #     #  #
####  ####  ####  ####  #     #  #   ####  #     ##  ####  ####  #  #

CellProfiler Log
Command: 18 1
Command: 
Home Directory: /home/jna7035
Path to CellProfiler Software: /projects/b1059/projects/Joy/CellProfiler
LOG:     Begin CellProfiler Analysis
LOG:     Project Title: 20191119_example
LOG:     Number of Images in 20191119_example Project: 20
LOG:     CellProfiler Version: cellprofiler_4.0.3.sif

#########################################
## Loading singularity module on QUEST ##
#########################################


#####################################################
## Setting base directories for project/experiment ##
#####################################################


############################################
## Making image-specific output directory ##
############################################


############################
## Executing cellprofiler ##
############################

Times reported are CPU and Wall-clock times for each module
Sun Oct 18 14:04:23 2020: Image # 18, module LoadData # 1: CPU_time = 1.49 secs, Wall_time = 1.52 secs
Sun Oct 18 14:04:25 2020: Image # 18, module ImageMath # 2: CPU_time = 0.01 secs, Wall_time = 0.01 secs
Sun Oct 18 14:04:25 2020: Image # 18, module MaskImage # 3: CPU_time = 0.06 secs, Wall_time = 0.05 secs
Sun Oct 18 14:04:25 2020: Image # 18, module IdentifyPrimaryObjects # 4: CPU_time = 1.78 secs, Wall_time = 1.78 secs
Sun Oct 18 14:04:26 2020: Image # 18, module CorrectIlluminationCalculate # 5: CPU_time = 98.91 secs, Wall_time = 98.91 secs
Sun Oct 18 14:06:05 2020: Image # 18, module CorrectIlluminationApply # 6: CPU_time = 0.05 secs, Wall_time = 0.05 secs
Sun Oct 18 14:06:05 2020: Image # 18, module IdentifyPrimaryObjects # 7: CPU_time = 2.73 secs, Wall_time = 2.72 secs
Sun Oct 18 14:06:08 2020: Image # 18, module ConvertObjectsToImage # 8: CPU_time = 0.01 secs, Wall_time = 0.01 secs
Sun Oct 18 14:06:08 2020: Image # 18, module UntangleWorms # 9: CPU_time = 61.54 secs, Wall_time = 61.54 secs
Sun Oct 18 14:07:10 2020: Image # 18, module UntangleWorms # 10: CPU_time = 54.98 secs, Wall_time = 54.98 secs
Sun Oct 18 14:08:05 2020: Image # 18, module UntangleWorms # 11: CPU_time = 48.27 secs, Wall_time = 48.28 secs
Sun Oct 18 14:08:53 2020: Image # 18, module UntangleWorms # 12: CPU_time = 31.49 secs, Wall_time = 31.49 secs
Sun Oct 18 14:09:24 2020: Image # 18, module RescaleIntensity # 13: CPU_time = 0.06 secs, Wall_time = 0.06 secs
Sun Oct 18 14:09:25 2020: Image # 18, module OverlayOutlines # 14: CPU_time = 1.01 secs, Wall_time = 1.01 secs
Sun Oct 18 14:09:26 2020: Image # 18, module SaveImages # 15: CPU_time = 3.78 secs, Wall_time = 3.79 secs
Sun Oct 18 14:09:29 2020: Image # 18, module MeasureObjectIntensity # 16: CPU_time = 1.62 secs, Wall_time = 1.62 secs
Sun Oct 18 14:09:31 2020: Image # 18, module MeasureObjectSizeShape # 17: CPU_time = 1.40 secs, Wall_time = 1.40 secs
Sun Oct 18 14:09:32 2020: Image # 18, module RelateObjects # 18: CPU_time = 0.03 secs, Wall_time = 0.04 secs
Sun Oct 18 14:09:32 2020: Image # 18, module RelateObjects # 19: CPU_time = 0.03 secs, Wall_time = 0.03 secs
Sun Oct 18 14:09:32 2020: Image # 18, module RelateObjects # 20: CPU_time = 0.03 secs, Wall_time = 0.03 secs
Sun Oct 18 14:09:32 2020: Image # 18, module RelateObjects # 21: CPU_time = 0.03 secs, Wall_time = 0.03 secs
Sun Oct 18 14:09:33 2020: Image # 18, module ExportToSpreadsheet # 22: CPU_time = 0.00 secs, Wall_time = 0.00 secs
Sun Oct 18 14:09:33 2020: Image # 18, module CreateBatchFiles # 23: CPU_time = 0.00 secs, Wall_time = 0.00 secs

#####################################################
## Moving Output Data Files to Summary Data Folder ##
#####################################################


#######################################################
## Moving Processed Images to Project Summary Folder ##
#######################################################


################################################
## Moving Log Files to Project Summary Folder ##
################################################


####################################
## Removing Temporary Directories ##
####################################

