
####  ####  #     #     ####  ####   ####  ####  ##  #     ####  ####
#     #     #     #     #  #  #  #   #  #  #     ##  #     #     #  #
#     ####  #     #     ####  ##     #  #  ###   ##  #     ####  ##
#     #     #     #     #     #  #   #  #  #     ##  #     #     #  #
####  ####  ####  ####  #     #  #   ####  #     ##  ####  ####  #  #

CellProfiler Log
Command: 19 1
Command: 
Home Directory: /home/jna7035
Path to CellProfiler Software: /projects/b1059/projects/Joy/CellProfiler
LOG:     Begin CellProfiler Analysis
LOG:     Project Title: 20191119_example
LOG:     Number of Images in 20191119_example Project: 20
LOG:     CellProfiler Version: cellprofiler_4.0.3.sif

#########################################
## Loading singularity module on QUEST ##
#########################################


#####################################################
## Setting base directories for project/experiment ##
#####################################################


############################################
## Making image-specific output directory ##
############################################


############################
## Executing cellprofiler ##
############################

Times reported are CPU and Wall-clock times for each module
Wed Oct 21 10:05:47 2020: Image # 19, module LoadData # 1: CPU_time = 1.52 secs, Wall_time = 1.61 secs
Wed Oct 21 10:05:49 2020: Image # 19, module ImageMath # 2: CPU_time = 0.01 secs, Wall_time = 0.01 secs
Wed Oct 21 10:05:49 2020: Image # 19, module MaskImage # 3: CPU_time = 0.06 secs, Wall_time = 0.06 secs
Wed Oct 21 10:05:49 2020: Image # 19, module IdentifyPrimaryObjects # 4: CPU_time = 1.87 secs, Wall_time = 1.87 secs
Wed Oct 21 10:05:51 2020: Image # 19, module CorrectIlluminationCalculate # 5: CPU_time = 98.47 secs, Wall_time = 98.47 secs
Wed Oct 21 10:07:30 2020: Image # 19, module CorrectIlluminationApply # 6: CPU_time = 0.03 secs, Wall_time = 0.03 secs
Wed Oct 21 10:07:30 2020: Image # 19, module IdentifyPrimaryObjects # 7: CPU_time = 2.90 secs, Wall_time = 2.90 secs
Wed Oct 21 10:07:32 2020: Image # 19, module ConvertObjectsToImage # 8: CPU_time = 0.01 secs, Wall_time = 0.01 secs
Wed Oct 21 10:07:32 2020: Image # 19, module UntangleWorms # 9: CPU_time = 87.77 secs, Wall_time = 87.77 secs
Wed Oct 21 10:09:00 2020: Image # 19, module UntangleWorms # 10: CPU_time = 91.11 secs, Wall_time = 91.12 secs
Wed Oct 21 10:10:31 2020: Image # 19, module UntangleWorms # 11: CPU_time = 85.37 secs, Wall_time = 85.36 secs
Wed Oct 21 10:11:57 2020: Image # 19, module UntangleWorms # 12: CPU_time = 44.75 secs, Wall_time = 44.75 secs
Wed Oct 21 10:12:41 2020: Image # 19, module RescaleIntensity # 13: CPU_time = 0.03 secs, Wall_time = 0.03 secs
Wed Oct 21 10:12:42 2020: Image # 19, module OverlayOutlines # 14: CPU_time = 0.99 secs, Wall_time = 0.99 secs
Wed Oct 21 10:12:43 2020: Image # 19, module SaveImages # 15: CPU_time = 4.27 secs, Wall_time = 4.27 secs
Wed Oct 21 10:12:47 2020: Image # 19, module MeasureObjectIntensity # 16: CPU_time = 1.35 secs, Wall_time = 1.34 secs
Wed Oct 21 10:12:48 2020: Image # 19, module MeasureObjectSizeShape # 17: CPU_time = 1.75 secs, Wall_time = 1.75 secs
Wed Oct 21 10:12:50 2020: Image # 19, module RelateObjects # 18: CPU_time = 0.04 secs, Wall_time = 0.04 secs
Wed Oct 21 10:12:50 2020: Image # 19, module RelateObjects # 19: CPU_time = 0.03 secs, Wall_time = 0.04 secs
Wed Oct 21 10:12:50 2020: Image # 19, module RelateObjects # 20: CPU_time = 0.03 secs, Wall_time = 0.03 secs
Wed Oct 21 10:12:50 2020: Image # 19, module RelateObjects # 21: CPU_time = 0.03 secs, Wall_time = 0.03 secs
Wed Oct 21 10:12:50 2020: Image # 19, module ExportToSpreadsheet # 22: CPU_time = 0.00 secs, Wall_time = 0.00 secs
Wed Oct 21 10:12:50 2020: Image # 19, module CreateBatchFiles # 23: CPU_time = 0.00 secs, Wall_time = 0.00 secs

#####################################################
## Moving Output Data Files to Summary Data Folder ##
#####################################################


#######################################################
## Moving Processed Images to Project Summary Folder ##
#######################################################


################################################
## Moving Log Files to Project Summary Folder ##
################################################


####################################
## Removing Temporary Directories ##
####################################

