
####  ####  #     #     ####  ####   ####  ####  ##  #     ####  ####
#     #     #     #     #  #  #  #   #  #  #     ##  #     #     #  #
#     ####  #     #     ####  ##     #  #  ###   ##  #     ####  ##
#     #     #     #     #     #  #   #  #  #     ##  #     #     #  #
####  ####  ####  ####  #     #  #   ####  #     ##  ####  ####  #  #

CellProfiler Log
Command: 4 1
Command: 
Home Directory: /home/jna7035
Path to CellProfiler Software: /projects/b1059/projects/Joy/CellProfiler
LOG:     Begin CellProfiler Analysis
LOG:     Project Title: 20191119_example
LOG:     Number of Images in 20191119_example Project: 20
LOG:     CellProfiler Version: cellprofiler_4.0.3.sif

#########################################
## Loading singularity module on QUEST ##
#########################################


#####################################################
## Setting base directories for project/experiment ##
#####################################################


############################################
## Making image-specific output directory ##
############################################


############################
## Executing cellprofiler ##
############################

Times reported are CPU and Wall-clock times for each module
Wed Oct 21 10:05:47 2020: Image # 4, module LoadData # 1: CPU_time = 1.40 secs, Wall_time = 1.50 secs
Wed Oct 21 10:05:49 2020: Image # 4, module ImageMath # 2: CPU_time = 0.00 secs, Wall_time = 0.01 secs
Wed Oct 21 10:05:49 2020: Image # 4, module MaskImage # 3: CPU_time = 0.04 secs, Wall_time = 0.05 secs
Wed Oct 21 10:05:49 2020: Image # 4, module IdentifyPrimaryObjects # 4: CPU_time = 1.55 secs, Wall_time = 1.55 secs
Wed Oct 21 10:05:51 2020: Image # 4, module CorrectIlluminationCalculate # 5: CPU_time = 102.47 secs, Wall_time = 102.48 secs
Wed Oct 21 10:07:33 2020: Image # 4, module CorrectIlluminationApply # 6: CPU_time = 0.02 secs, Wall_time = 0.02 secs
Wed Oct 21 10:07:33 2020: Image # 4, module IdentifyPrimaryObjects # 7: CPU_time = 2.39 secs, Wall_time = 2.40 secs
Wed Oct 21 10:07:36 2020: Image # 4, module ConvertObjectsToImage # 8: CPU_time = 0.01 secs, Wall_time = 0.01 secs
Wed Oct 21 10:07:36 2020: Image # 4, module UntangleWorms # 9: CPU_time = 42.79 secs, Wall_time = 42.79 secs
Wed Oct 21 10:08:18 2020: Image # 4, module UntangleWorms # 10: CPU_time = 5.25 secs, Wall_time = 5.25 secs
Wed Oct 21 10:08:24 2020: Image # 4, module UntangleWorms # 11: CPU_time = 2.43 secs, Wall_time = 2.43 secs
Wed Oct 21 10:08:26 2020: Image # 4, module UntangleWorms # 12: CPU_time = 2.56 secs, Wall_time = 2.56 secs
Wed Oct 21 10:08:29 2020: Image # 4, module RescaleIntensity # 13: CPU_time = 0.03 secs, Wall_time = 0.03 secs
Wed Oct 21 10:08:29 2020: Image # 4, module OverlayOutlines # 14: CPU_time = 0.78 secs, Wall_time = 0.78 secs
Wed Oct 21 10:08:29 2020: Image # 4, module SaveImages # 15: CPU_time = 4.47 secs, Wall_time = 4.47 secs
Wed Oct 21 10:08:34 2020: Image # 4, module MeasureObjectIntensity # 16: CPU_time = 0.84 secs, Wall_time = 0.84 secs
Wed Oct 21 10:08:35 2020: Image # 4, module MeasureObjectSizeShape # 17: CPU_time = 0.31 secs, Wall_time = 0.31 secs
Wed Oct 21 10:08:35 2020: Image # 4, module RelateObjects # 18: CPU_time = 0.01 secs, Wall_time = 0.00 secs
Wed Oct 21 10:08:35 2020: Image # 4, module RelateObjects # 19: CPU_time = 0.00 secs, Wall_time = 0.00 secs
Wed Oct 21 10:08:35 2020: Image # 4, module RelateObjects # 20: CPU_time = 0.02 secs, Wall_time = 0.02 secs
Wed Oct 21 10:08:35 2020: Image # 4, module RelateObjects # 21: CPU_time = 0.02 secs, Wall_time = 0.02 secs
Wed Oct 21 10:08:35 2020: Image # 4, module ExportToSpreadsheet # 22: CPU_time = 0.00 secs, Wall_time = 0.00 secs
Wed Oct 21 10:08:35 2020: Image # 4, module CreateBatchFiles # 23: CPU_time = 0.00 secs, Wall_time = 0.00 secs

#####################################################
## Moving Output Data Files to Summary Data Folder ##
#####################################################


#######################################################
## Moving Processed Images to Project Summary Folder ##
#######################################################


################################################
## Moving Log Files to Project Summary Folder ##
################################################


####################################
## Removing Temporary Directories ##
####################################

