
####  ####  #     #     ####  ####   ####  ####  ##  #     ####  ####
#     #     #     #     #  #  #  #   #  #  #     ##  #     #     #  #
#     ####  #     #     ####  ##     #  #  ###   ##  #     ####  ##
#     #     #     #     #     #  #   #  #  #     ##  #     #     #  #
####  ####  ####  ####  #     #  #   ####  #     ##  ####  ####  #  #

CellProfiler Log
Command: 17 1
Command: 
Home Directory: /home/jna7035
Path to CellProfiler Software: /projects/b1059/projects/Joy/CellProfiler
LOG:     Begin CellProfiler Analysis
LOG:     Project Title: 20191119_example
LOG:     Number of Images in 20191119_example Project: 20
LOG:     CellProfiler Version: cellprofiler_4.0.3.sif

#########################################
## Loading singularity module on QUEST ##
#########################################


#####################################################
## Setting base directories for project/experiment ##
#####################################################


############################################
## Making image-specific output directory ##
############################################


############################
## Executing cellprofiler ##
############################

Times reported are CPU and Wall-clock times for each module
Sun Oct 18 14:04:23 2020: Image # 17, module LoadData # 1: CPU_time = 1.53 secs, Wall_time = 1.64 secs
Sun Oct 18 14:04:25 2020: Image # 17, module ImageMath # 2: CPU_time = 0.01 secs, Wall_time = 0.01 secs
Sun Oct 18 14:04:25 2020: Image # 17, module MaskImage # 3: CPU_time = 0.06 secs, Wall_time = 0.06 secs
Sun Oct 18 14:04:25 2020: Image # 17, module IdentifyPrimaryObjects # 4: CPU_time = 1.80 secs, Wall_time = 1.80 secs
Sun Oct 18 14:04:27 2020: Image # 17, module CorrectIlluminationCalculate # 5: CPU_time = 99.02 secs, Wall_time = 99.03 secs
Sun Oct 18 14:06:06 2020: Image # 17, module CorrectIlluminationApply # 6: CPU_time = 0.03 secs, Wall_time = 0.03 secs
Sun Oct 18 14:06:06 2020: Image # 17, module IdentifyPrimaryObjects # 7: CPU_time = 2.72 secs, Wall_time = 2.72 secs
Sun Oct 18 14:06:08 2020: Image # 17, module ConvertObjectsToImage # 8: CPU_time = 0.01 secs, Wall_time = 0.01 secs
Sun Oct 18 14:06:08 2020: Image # 17, module UntangleWorms # 9: CPU_time = 99.72 secs, Wall_time = 99.73 secs
Sun Oct 18 14:07:48 2020: Image # 17, module UntangleWorms # 10: CPU_time = 90.45 secs, Wall_time = 90.46 secs
Sun Oct 18 14:09:19 2020: Image # 17, module UntangleWorms # 11: CPU_time = 73.60 secs, Wall_time = 73.62 secs
Sun Oct 18 14:10:32 2020: Image # 17, module UntangleWorms # 12: CPU_time = 41.29 secs, Wall_time = 41.31 secs
Sun Oct 18 14:11:13 2020: Image # 17, module RescaleIntensity # 13: CPU_time = 0.06 secs, Wall_time = 0.06 secs
Sun Oct 18 14:11:14 2020: Image # 17, module OverlayOutlines # 14: CPU_time = 1.06 secs, Wall_time = 1.06 secs
Sun Oct 18 14:11:15 2020: Image # 17, module SaveImages # 15: CPU_time = 4.01 secs, Wall_time = 4.02 secs
Sun Oct 18 14:11:19 2020: Image # 17, module MeasureObjectIntensity # 16: CPU_time = 1.60 secs, Wall_time = 1.60 secs
Sun Oct 18 14:11:20 2020: Image # 17, module MeasureObjectSizeShape # 17: CPU_time = 1.72 secs, Wall_time = 1.73 secs
Sun Oct 18 14:11:22 2020: Image # 17, module RelateObjects # 18: CPU_time = 0.05 secs, Wall_time = 0.05 secs
Sun Oct 18 14:11:22 2020: Image # 17, module RelateObjects # 19: CPU_time = 0.04 secs, Wall_time = 0.04 secs
Sun Oct 18 14:11:22 2020: Image # 17, module RelateObjects # 20: CPU_time = 0.04 secs, Wall_time = 0.04 secs
Sun Oct 18 14:11:22 2020: Image # 17, module RelateObjects # 21: CPU_time = 0.03 secs, Wall_time = 0.04 secs
Sun Oct 18 14:11:22 2020: Image # 17, module ExportToSpreadsheet # 22: CPU_time = 0.00 secs, Wall_time = 0.00 secs
Sun Oct 18 14:11:22 2020: Image # 17, module CreateBatchFiles # 23: CPU_time = 0.00 secs, Wall_time = 0.00 secs

#####################################################
## Moving Output Data Files to Summary Data Folder ##
#####################################################


#######################################################
## Moving Processed Images to Project Summary Folder ##
#######################################################


################################################
## Moving Log Files to Project Summary Folder ##
################################################


####################################
## Removing Temporary Directories ##
####################################

