
####  ####  #     #     ####  ####   ####  ####  ##  #     ####  ####
#     #     #     #     #  #  #  #   #  #  #     ##  #     #     #  #
#     ####  #     #     ####  ##     #  #  ###   ##  #     ####  ##
#     #     #     #     #     #  #   #  #  #     ##  #     #     #  #
####  ####  ####  ####  #     #  #   ####  #     ##  ####  ####  #  #

CellProfiler Log
Command: 10 1
Command: 
Home Directory: /home/jna7035
Path to CellProfiler Software: /projects/b1059/projects/Joy/CellProfiler
LOG:     Begin CellProfiler Analysis
LOG:     Project Title: 20191119_example
LOG:     Number of Images in 20191119_example Project: 20
LOG:     CellProfiler Version: cellprofiler_4.0.3.sif

#########################################
## Loading singularity module on QUEST ##
#########################################


#####################################################
## Setting base directories for project/experiment ##
#####################################################


############################################
## Making image-specific output directory ##
############################################


############################
## Executing cellprofiler ##
############################

Times reported are CPU and Wall-clock times for each module
Wed Oct 21 10:05:48 2020: Image # 10, module LoadData # 1: CPU_time = 1.58 secs, Wall_time = 1.68 secs
Wed Oct 21 10:05:49 2020: Image # 10, module ImageMath # 2: CPU_time = 0.02 secs, Wall_time = 0.02 secs
Wed Oct 21 10:05:49 2020: Image # 10, module MaskImage # 3: CPU_time = 0.05 secs, Wall_time = 0.06 secs
Wed Oct 21 10:05:49 2020: Image # 10, module IdentifyPrimaryObjects # 4: CPU_time = 1.83 secs, Wall_time = 1.83 secs
Wed Oct 21 10:05:51 2020: Image # 10, module CorrectIlluminationCalculate # 5: CPU_time = 101.91 secs, Wall_time = 101.92 secs
Wed Oct 21 10:07:33 2020: Image # 10, module CorrectIlluminationApply # 6: CPU_time = 0.03 secs, Wall_time = 0.03 secs
Wed Oct 21 10:07:33 2020: Image # 10, module IdentifyPrimaryObjects # 7: CPU_time = 2.87 secs, Wall_time = 2.87 secs
Wed Oct 21 10:07:36 2020: Image # 10, module ConvertObjectsToImage # 8: CPU_time = 0.02 secs, Wall_time = 0.01 secs
Wed Oct 21 10:07:36 2020: Image # 10, module UntangleWorms # 9: CPU_time = 120.20 secs, Wall_time = 120.21 secs
Wed Oct 21 10:09:36 2020: Image # 10, module UntangleWorms # 10: CPU_time = 58.13 secs, Wall_time = 58.13 secs
Wed Oct 21 10:10:34 2020: Image # 10, module UntangleWorms # 11: CPU_time = 18.56 secs, Wall_time = 18.55 secs
Wed Oct 21 10:10:53 2020: Image # 10, module UntangleWorms # 12: CPU_time = 1.89 secs, Wall_time = 1.88 secs
Wed Oct 21 10:10:55 2020: Image # 10, module RescaleIntensity # 13: CPU_time = 0.02 secs, Wall_time = 0.02 secs
Wed Oct 21 10:10:55 2020: Image # 10, module OverlayOutlines # 14: CPU_time = 0.91 secs, Wall_time = 0.91 secs
Wed Oct 21 10:10:56 2020: Image # 10, module SaveImages # 15: CPU_time = 3.68 secs, Wall_time = 3.68 secs
Wed Oct 21 10:10:59 2020: Image # 10, module MeasureObjectIntensity # 16: CPU_time = 0.94 secs, Wall_time = 0.93 secs
Wed Oct 21 10:11:00 2020: Image # 10, module MeasureObjectSizeShape # 17: CPU_time = 0.82 secs, Wall_time = 0.83 secs
Wed Oct 21 10:11:01 2020: Image # 10, module RelateObjects # 18: CPU_time = 0.00 secs, Wall_time = 0.00 secs
Wed Oct 21 10:11:01 2020: Image # 10, module RelateObjects # 19: CPU_time = 0.04 secs, Wall_time = 0.03 secs
Wed Oct 21 10:11:01 2020: Image # 10, module RelateObjects # 20: CPU_time = 0.03 secs, Wall_time = 0.02 secs
Wed Oct 21 10:11:01 2020: Image # 10, module RelateObjects # 21: CPU_time = 0.02 secs, Wall_time = 0.02 secs
Wed Oct 21 10:11:01 2020: Image # 10, module ExportToSpreadsheet # 22: CPU_time = 0.00 secs, Wall_time = 0.00 secs
Wed Oct 21 10:11:01 2020: Image # 10, module CreateBatchFiles # 23: CPU_time = 0.00 secs, Wall_time = 0.00 secs

#####################################################
## Moving Output Data Files to Summary Data Folder ##
#####################################################


#######################################################
## Moving Processed Images to Project Summary Folder ##
#######################################################


################################################
## Moving Log Files to Project Summary Folder ##
################################################


####################################
## Removing Temporary Directories ##
####################################

