
####  ####  #     #     ####  ####   ####  ####  ##  #     ####  ####
#     #     #     #     #  #  #  #   #  #  #     ##  #     #     #  #
#     ####  #     #     ####  ##     #  #  ###   ##  #     ####  ##
#     #     #     #     #     #  #   #  #  #     ##  #     #     #  #
####  ####  ####  ####  #     #  #   ####  #     ##  ####  ####  #  #

CellProfiler Log
Command: 8 1
Command: 
Home Directory: /home/jna7035
Path to CellProfiler Software: /projects/b1059/projects/Joy/CellProfiler
LOG:     Begin CellProfiler Analysis
LOG:     Project Title: 20191119_example
LOG:     Number of Images in 20191119_example Project: 20
LOG:     CellProfiler Version: cellprofiler_4.0.3.sif

#########################################
## Loading singularity module on QUEST ##
#########################################


#####################################################
## Setting base directories for project/experiment ##
#####################################################


############################################
## Making image-specific output directory ##
############################################


############################
## Executing cellprofiler ##
############################

Times reported are CPU and Wall-clock times for each module
Sun Oct 18 14:04:22 2020: Image # 8, module LoadData # 1: CPU_time = 1.48 secs, Wall_time = 1.54 secs
Sun Oct 18 14:04:24 2020: Image # 8, module ImageMath # 2: CPU_time = 0.01 secs, Wall_time = 0.01 secs
Sun Oct 18 14:04:24 2020: Image # 8, module MaskImage # 3: CPU_time = 0.05 secs, Wall_time = 0.05 secs
Sun Oct 18 14:04:24 2020: Image # 8, module IdentifyPrimaryObjects # 4: CPU_time = 1.51 secs, Wall_time = 1.51 secs
Sun Oct 18 14:04:25 2020: Image # 8, module CorrectIlluminationCalculate # 5: CPU_time = 102.58 secs, Wall_time = 102.58 secs
Sun Oct 18 14:06:08 2020: Image # 8, module CorrectIlluminationApply # 6: CPU_time = 0.02 secs, Wall_time = 0.02 secs
Sun Oct 18 14:06:08 2020: Image # 8, module IdentifyPrimaryObjects # 7: CPU_time = 2.34 secs, Wall_time = 2.35 secs
Sun Oct 18 14:06:10 2020: Image # 8, module ConvertObjectsToImage # 8: CPU_time = 0.02 secs, Wall_time = 0.01 secs
Sun Oct 18 14:06:10 2020: Image # 8, module UntangleWorms # 9: CPU_time = 48.16 secs, Wall_time = 48.16 secs
Sun Oct 18 14:06:58 2020: Image # 8, module UntangleWorms # 10: CPU_time = 23.23 secs, Wall_time = 23.23 secs
Sun Oct 18 14:07:22 2020: Image # 8, module UntangleWorms # 11: CPU_time = 5.37 secs, Wall_time = 5.37 secs
Sun Oct 18 14:07:27 2020: Image # 8, module UntangleWorms # 12: CPU_time = 2.52 secs, Wall_time = 2.52 secs
Sun Oct 18 14:07:30 2020: Image # 8, module RescaleIntensity # 13: CPU_time = 0.03 secs, Wall_time = 0.03 secs
Sun Oct 18 14:07:30 2020: Image # 8, module OverlayOutlines # 14: CPU_time = 0.76 secs, Wall_time = 0.76 secs
Sun Oct 18 14:07:30 2020: Image # 8, module SaveImages # 15: CPU_time = 4.31 secs, Wall_time = 4.32 secs
Sun Oct 18 14:07:35 2020: Image # 8, module MeasureObjectIntensity # 16: CPU_time = 0.94 secs, Wall_time = 0.95 secs
Sun Oct 18 14:07:36 2020: Image # 8, module MeasureObjectSizeShape # 17: CPU_time = 0.47 secs, Wall_time = 0.47 secs
Sun Oct 18 14:07:36 2020: Image # 8, module RelateObjects # 18: CPU_time = 0.01 secs, Wall_time = 0.00 secs
Sun Oct 18 14:07:36 2020: Image # 8, module RelateObjects # 19: CPU_time = 0.03 secs, Wall_time = 0.03 secs
Sun Oct 18 14:07:36 2020: Image # 8, module RelateObjects # 20: CPU_time = 0.03 secs, Wall_time = 0.03 secs
Sun Oct 18 14:07:36 2020: Image # 8, module RelateObjects # 21: CPU_time = 0.02 secs, Wall_time = 0.02 secs
Sun Oct 18 14:07:36 2020: Image # 8, module ExportToSpreadsheet # 22: CPU_time = 0.00 secs, Wall_time = 0.00 secs
Sun Oct 18 14:07:36 2020: Image # 8, module CreateBatchFiles # 23: CPU_time = 0.00 secs, Wall_time = 0.00 secs

#####################################################
## Moving Output Data Files to Summary Data Folder ##
#####################################################


#######################################################
## Moving Processed Images to Project Summary Folder ##
#######################################################


################################################
## Moving Log Files to Project Summary Folder ##
################################################


####################################
## Removing Temporary Directories ##
####################################

