
####  ####  #     #     ####  ####   ####  ####  ##  #     ####  ####
#     #     #     #     #  #  #  #   #  #  #     ##  #     #     #  #
#     ####  #     #     ####  ##     #  #  ###   ##  #     ####  ##
#     #     #     #     #     #  #   #  #  #     ##  #     #     #  #
####  ####  ####  ####  #     #  #   ####  #     ##  ####  ####  #  #

CellProfiler Log
Command: 19 1
Command: 
Home Directory: /home/jna7035
Path to CellProfiler Software: /projects/b1059/projects/Joy/CellProfiler
LOG:     Begin CellProfiler Analysis
LOG:     Project Title: 20191119_example
LOG:     Number of Images in 20191119_example Project: 20
LOG:     CellProfiler Version: cellprofiler_4.0.3.sif

#########################################
## Loading singularity module on QUEST ##
#########################################


#####################################################
## Setting base directories for project/experiment ##
#####################################################


############################################
## Making image-specific output directory ##
############################################


############################
## Executing cellprofiler ##
############################

Times reported are CPU and Wall-clock times for each module
Sun Oct 18 14:04:23 2020: Image # 19, module LoadData # 1: CPU_time = 1.49 secs, Wall_time = 1.55 secs
Sun Oct 18 14:04:25 2020: Image # 19, module ImageMath # 2: CPU_time = 0.02 secs, Wall_time = 0.01 secs
Sun Oct 18 14:04:25 2020: Image # 19, module MaskImage # 3: CPU_time = 0.07 secs, Wall_time = 0.06 secs
Sun Oct 18 14:04:25 2020: Image # 19, module IdentifyPrimaryObjects # 4: CPU_time = 1.78 secs, Wall_time = 1.78 secs
Sun Oct 18 14:04:27 2020: Image # 19, module CorrectIlluminationCalculate # 5: CPU_time = 98.41 secs, Wall_time = 98.41 secs
Sun Oct 18 14:06:05 2020: Image # 19, module CorrectIlluminationApply # 6: CPU_time = 0.05 secs, Wall_time = 0.05 secs
Sun Oct 18 14:06:05 2020: Image # 19, module IdentifyPrimaryObjects # 7: CPU_time = 2.72 secs, Wall_time = 2.72 secs
Sun Oct 18 14:06:08 2020: Image # 19, module ConvertObjectsToImage # 8: CPU_time = 0.01 secs, Wall_time = 0.01 secs
Sun Oct 18 14:06:08 2020: Image # 19, module UntangleWorms # 9: CPU_time = 92.61 secs, Wall_time = 92.61 secs
Sun Oct 18 14:07:40 2020: Image # 19, module UntangleWorms # 10: CPU_time = 91.46 secs, Wall_time = 91.47 secs
Sun Oct 18 14:09:12 2020: Image # 19, module UntangleWorms # 11: CPU_time = 86.51 secs, Wall_time = 86.51 secs
Sun Oct 18 14:10:38 2020: Image # 19, module UntangleWorms # 12: CPU_time = 55.11 secs, Wall_time = 55.10 secs
Sun Oct 18 14:11:34 2020: Image # 19, module RescaleIntensity # 13: CPU_time = 0.06 secs, Wall_time = 0.06 secs
Sun Oct 18 14:11:34 2020: Image # 19, module OverlayOutlines # 14: CPU_time = 1.00 secs, Wall_time = 1.00 secs
Sun Oct 18 14:11:35 2020: Image # 19, module SaveImages # 15: CPU_time = 4.86 secs, Wall_time = 4.85 secs
Sun Oct 18 14:11:40 2020: Image # 19, module MeasureObjectIntensity # 16: CPU_time = 1.75 secs, Wall_time = 1.76 secs
Sun Oct 18 14:11:41 2020: Image # 19, module MeasureObjectSizeShape # 17: CPU_time = 2.03 secs, Wall_time = 2.02 secs
Sun Oct 18 14:11:43 2020: Image # 19, module RelateObjects # 18: CPU_time = 0.05 secs, Wall_time = 0.05 secs
Sun Oct 18 14:11:43 2020: Image # 19, module RelateObjects # 19: CPU_time = 0.04 secs, Wall_time = 0.05 secs
Sun Oct 18 14:11:43 2020: Image # 19, module RelateObjects # 20: CPU_time = 0.04 secs, Wall_time = 0.04 secs
Sun Oct 18 14:11:43 2020: Image # 19, module RelateObjects # 21: CPU_time = 0.04 secs, Wall_time = 0.04 secs
Sun Oct 18 14:11:43 2020: Image # 19, module ExportToSpreadsheet # 22: CPU_time = 0.00 secs, Wall_time = 0.00 secs
Sun Oct 18 14:11:43 2020: Image # 19, module CreateBatchFiles # 23: CPU_time = 0.00 secs, Wall_time = 0.00 secs

#####################################################
## Moving Output Data Files to Summary Data Folder ##
#####################################################


#######################################################
## Moving Processed Images to Project Summary Folder ##
#######################################################


################################################
## Moving Log Files to Project Summary Folder ##
################################################


####################################
## Removing Temporary Directories ##
####################################

