
####  ####  #     #     ####  ####   ####  ####  ##  #     ####  ####
#     #     #     #     #  #  #  #   #  #  #     ##  #     #     #  #
#     ####  #     #     ####  ##     #  #  ###   ##  #     ####  ##
#     #     #     #     #     #  #   #  #  #     ##  #     #     #  #
####  ####  ####  ####  #     #  #   ####  #     ##  ####  ####  #  #

CellProfiler Log
Command: 3 1
Command: 
Home Directory: /home/jna7035
Path to CellProfiler Software: /projects/b1059/projects/Joy/CellProfiler
LOG:     Begin CellProfiler Analysis
LOG:     Project Title: 20191119_example
LOG:     Number of Images in 20191119_example Project: 20
LOG:     CellProfiler Version: cellprofiler_4.0.3.sif

#########################################
## Loading singularity module on QUEST ##
#########################################


#####################################################
## Setting base directories for project/experiment ##
#####################################################


############################################
## Making image-specific output directory ##
############################################


############################
## Executing cellprofiler ##
############################

Times reported are CPU and Wall-clock times for each module
Wed Oct 21 10:05:47 2020: Image # 3, module LoadData # 1: CPU_time = 1.55 secs, Wall_time = 1.66 secs
Wed Oct 21 10:05:49 2020: Image # 3, module ImageMath # 2: CPU_time = 0.01 secs, Wall_time = 0.01 secs
Wed Oct 21 10:05:49 2020: Image # 3, module MaskImage # 3: CPU_time = 0.06 secs, Wall_time = 0.05 secs
Wed Oct 21 10:05:49 2020: Image # 3, module IdentifyPrimaryObjects # 4: CPU_time = 1.53 secs, Wall_time = 1.54 secs
Wed Oct 21 10:05:51 2020: Image # 3, module CorrectIlluminationCalculate # 5: CPU_time = 102.43 secs, Wall_time = 102.44 secs
Wed Oct 21 10:07:33 2020: Image # 3, module CorrectIlluminationApply # 6: CPU_time = 0.02 secs, Wall_time = 0.02 secs
Wed Oct 21 10:07:33 2020: Image # 3, module IdentifyPrimaryObjects # 7: CPU_time = 2.41 secs, Wall_time = 2.40 secs
Wed Oct 21 10:07:36 2020: Image # 3, module ConvertObjectsToImage # 8: CPU_time = 0.01 secs, Wall_time = 0.01 secs
Wed Oct 21 10:07:36 2020: Image # 3, module UntangleWorms # 9: CPU_time = 43.36 secs, Wall_time = 43.36 secs
Wed Oct 21 10:08:19 2020: Image # 3, module UntangleWorms # 10: CPU_time = 4.08 secs, Wall_time = 4.08 secs
Wed Oct 21 10:08:23 2020: Image # 3, module UntangleWorms # 11: CPU_time = 2.46 secs, Wall_time = 2.47 secs
Wed Oct 21 10:08:26 2020: Image # 3, module UntangleWorms # 12: CPU_time = 2.49 secs, Wall_time = 2.50 secs
Wed Oct 21 10:08:28 2020: Image # 3, module RescaleIntensity # 13: CPU_time = 0.03 secs, Wall_time = 0.02 secs
Wed Oct 21 10:08:28 2020: Image # 3, module OverlayOutlines # 14: CPU_time = 0.78 secs, Wall_time = 0.77 secs
Wed Oct 21 10:08:29 2020: Image # 3, module SaveImages # 15: CPU_time = 4.55 secs, Wall_time = 4.56 secs
Wed Oct 21 10:08:33 2020: Image # 3, module MeasureObjectIntensity # 16: CPU_time = 0.73 secs, Wall_time = 0.74 secs
Wed Oct 21 10:08:34 2020: Image # 3, module MeasureObjectSizeShape # 17: CPU_time = 0.26 secs, Wall_time = 0.25 secs
Wed Oct 21 10:08:34 2020: Image # 3, module RelateObjects # 18: CPU_time = 0.00 secs, Wall_time = 0.00 secs
Wed Oct 21 10:08:34 2020: Image # 3, module RelateObjects # 19: CPU_time = 0.01 secs, Wall_time = 0.00 secs
Wed Oct 21 10:08:34 2020: Image # 3, module RelateObjects # 20: CPU_time = 0.00 secs, Wall_time = 0.00 secs
Wed Oct 21 10:08:34 2020: Image # 3, module RelateObjects # 21: CPU_time = 0.02 secs, Wall_time = 0.03 secs
Wed Oct 21 10:08:34 2020: Image # 3, module ExportToSpreadsheet # 22: CPU_time = 0.00 secs, Wall_time = 0.00 secs
Wed Oct 21 10:08:34 2020: Image # 3, module CreateBatchFiles # 23: CPU_time = 0.00 secs, Wall_time = 0.00 secs

#####################################################
## Moving Output Data Files to Summary Data Folder ##
#####################################################


#######################################################
## Moving Processed Images to Project Summary Folder ##
#######################################################


################################################
## Moving Log Files to Project Summary Folder ##
################################################


####################################
## Removing Temporary Directories ##
####################################

