
####  ####  #     #     ####  ####   ####  ####  ##  #     ####  ####
#     #     #     #     #  #  #  #   #  #  #     ##  #     #     #  #
#     ####  #     #     ####  ##     #  #  ###   ##  #     ####  ##
#     #     #     #     #     #  #   #  #  #     ##  #     #     #  #
####  ####  ####  ####  #     #  #   ####  #     ##  ####  ####  #  #

CellProfiler Log
Command: 6 1
Command: 
Home Directory: /home/jna7035
Path to CellProfiler Software: /projects/b1059/projects/Joy/CellProfiler
LOG:     Begin CellProfiler Analysis
LOG:     Project Title: 20191119_example
LOG:     Number of Images in 20191119_example Project: 20
LOG:     CellProfiler Version: cellprofiler_4.0.3.sif

#########################################
## Loading singularity module on QUEST ##
#########################################


#####################################################
## Setting base directories for project/experiment ##
#####################################################


############################################
## Making image-specific output directory ##
############################################


############################
## Executing cellprofiler ##
############################

Times reported are CPU and Wall-clock times for each module
Wed Oct 21 10:05:48 2020: Image # 6, module LoadData # 1: CPU_time = 1.58 secs, Wall_time = 1.64 secs
Wed Oct 21 10:05:49 2020: Image # 6, module ImageMath # 2: CPU_time = 0.01 secs, Wall_time = 0.01 secs
Wed Oct 21 10:05:49 2020: Image # 6, module MaskImage # 3: CPU_time = 0.06 secs, Wall_time = 0.06 secs
Wed Oct 21 10:05:49 2020: Image # 6, module IdentifyPrimaryObjects # 4: CPU_time = 1.84 secs, Wall_time = 1.84 secs
Wed Oct 21 10:05:51 2020: Image # 6, module CorrectIlluminationCalculate # 5: CPU_time = 103.11 secs, Wall_time = 103.12 secs
Wed Oct 21 10:07:34 2020: Image # 6, module CorrectIlluminationApply # 6: CPU_time = 0.03 secs, Wall_time = 0.03 secs
Wed Oct 21 10:07:34 2020: Image # 6, module IdentifyPrimaryObjects # 7: CPU_time = 2.88 secs, Wall_time = 2.88 secs
Wed Oct 21 10:07:37 2020: Image # 6, module ConvertObjectsToImage # 8: CPU_time = 0.01 secs, Wall_time = 0.01 secs
Wed Oct 21 10:07:37 2020: Image # 6, module UntangleWorms # 9: CPU_time = 51.68 secs, Wall_time = 51.70 secs
Wed Oct 21 10:08:29 2020: Image # 6, module UntangleWorms # 10: CPU_time = 29.42 secs, Wall_time = 29.44 secs
Wed Oct 21 10:08:58 2020: Image # 6, module UntangleWorms # 11: CPU_time = 3.62 secs, Wall_time = 3.62 secs
Wed Oct 21 10:09:02 2020: Image # 6, module UntangleWorms # 12: CPU_time = 2.47 secs, Wall_time = 2.47 secs
Wed Oct 21 10:09:04 2020: Image # 6, module RescaleIntensity # 13: CPU_time = 0.03 secs, Wall_time = 0.03 secs
Wed Oct 21 10:09:04 2020: Image # 6, module OverlayOutlines # 14: CPU_time = 1.06 secs, Wall_time = 1.06 secs
Wed Oct 21 10:09:05 2020: Image # 6, module SaveImages # 15: CPU_time = 4.64 secs, Wall_time = 4.64 secs
Wed Oct 21 10:09:10 2020: Image # 6, module MeasureObjectIntensity # 16: CPU_time = 1.09 secs, Wall_time = 1.10 secs
Wed Oct 21 10:09:11 2020: Image # 6, module MeasureObjectSizeShape # 17: CPU_time = 0.38 secs, Wall_time = 0.39 secs
Wed Oct 21 10:09:12 2020: Image # 6, module RelateObjects # 18: CPU_time = 0.01 secs, Wall_time = 0.00 secs
Wed Oct 21 10:09:12 2020: Image # 6, module RelateObjects # 19: CPU_time = 0.00 secs, Wall_time = 0.00 secs
Wed Oct 21 10:09:12 2020: Image # 6, module RelateObjects # 20: CPU_time = 0.03 secs, Wall_time = 0.03 secs
Wed Oct 21 10:09:12 2020: Image # 6, module RelateObjects # 21: CPU_time = 0.03 secs, Wall_time = 0.02 secs
Wed Oct 21 10:09:12 2020: Image # 6, module ExportToSpreadsheet # 22: CPU_time = 0.00 secs, Wall_time = 0.00 secs
Wed Oct 21 10:09:12 2020: Image # 6, module CreateBatchFiles # 23: CPU_time = 0.00 secs, Wall_time = 0.00 secs

#####################################################
## Moving Output Data Files to Summary Data Folder ##
#####################################################


#######################################################
## Moving Processed Images to Project Summary Folder ##
#######################################################


################################################
## Moving Log Files to Project Summary Folder ##
################################################


####################################
## Removing Temporary Directories ##
####################################

