
####  ####  #     #     ####  ####   ####  ####  ##  #     ####  ####
#     #     #     #     #  #  #  #   #  #  #     ##  #     #     #  #
#     ####  #     #     ####  ##     #  #  ###   ##  #     ####  ##
#     #     #     #     #     #  #   #  #  #     ##  #     #     #  #
####  ####  ####  ####  #     #  #   ####  #     ##  ####  ####  #  #

CellProfiler Log
Command: 12 1
Command: 
Home Directory: /home/jna7035
Path to CellProfiler Software: /projects/b1059/projects/Joy/CellProfiler
LOG:     Begin CellProfiler Analysis
LOG:     Project Title: 20191119_example
LOG:     Number of Images in 20191119_example Project: 20
LOG:     CellProfiler Version: cellprofiler_4.0.3.sif

#########################################
## Loading singularity module on QUEST ##
#########################################


#####################################################
## Setting base directories for project/experiment ##
#####################################################


############################################
## Making image-specific output directory ##
############################################


############################
## Executing cellprofiler ##
############################

Times reported are CPU and Wall-clock times for each module
Sun Oct 18 14:04:26 2020: Image # 12, module LoadData # 1: CPU_time = 1.40 secs, Wall_time = 1.47 secs
Sun Oct 18 14:04:27 2020: Image # 12, module ImageMath # 2: CPU_time = 0.01 secs, Wall_time = 0.01 secs
Sun Oct 18 14:04:27 2020: Image # 12, module MaskImage # 3: CPU_time = 0.04 secs, Wall_time = 0.04 secs
Sun Oct 18 14:04:27 2020: Image # 12, module IdentifyPrimaryObjects # 4: CPU_time = 1.45 secs, Wall_time = 1.46 secs
Sun Oct 18 14:04:29 2020: Image # 12, module CorrectIlluminationCalculate # 5: CPU_time = 101.11 secs, Wall_time = 101.11 secs
Sun Oct 18 14:06:10 2020: Image # 12, module CorrectIlluminationApply # 6: CPU_time = 0.02 secs, Wall_time = 0.02 secs
Sun Oct 18 14:06:10 2020: Image # 12, module IdentifyPrimaryObjects # 7: CPU_time = 2.24 secs, Wall_time = 2.24 secs
Sun Oct 18 14:06:12 2020: Image # 12, module ConvertObjectsToImage # 8: CPU_time = 0.01 secs, Wall_time = 0.01 secs
Sun Oct 18 14:06:12 2020: Image # 12, module UntangleWorms # 9: CPU_time = 46.62 secs, Wall_time = 46.63 secs
Sun Oct 18 14:06:59 2020: Image # 12, module UntangleWorms # 10: CPU_time = 37.72 secs, Wall_time = 37.72 secs
Sun Oct 18 14:07:36 2020: Image # 12, module UntangleWorms # 11: CPU_time = 24.09 secs, Wall_time = 24.09 secs
Sun Oct 18 14:08:00 2020: Image # 12, module UntangleWorms # 12: CPU_time = 2.73 secs, Wall_time = 2.73 secs
Sun Oct 18 14:08:03 2020: Image # 12, module RescaleIntensity # 13: CPU_time = 0.04 secs, Wall_time = 0.04 secs
Sun Oct 18 14:08:03 2020: Image # 12, module OverlayOutlines # 14: CPU_time = 0.76 secs, Wall_time = 0.76 secs
Sun Oct 18 14:08:04 2020: Image # 12, module SaveImages # 15: CPU_time = 4.05 secs, Wall_time = 4.09 secs
Sun Oct 18 14:08:08 2020: Image # 12, module MeasureObjectIntensity # 16: CPU_time = 1.03 secs, Wall_time = 1.04 secs
Sun Oct 18 14:08:09 2020: Image # 12, module MeasureObjectSizeShape # 17: CPU_time = 0.80 secs, Wall_time = 0.79 secs
Sun Oct 18 14:08:10 2020: Image # 12, module RelateObjects # 18: CPU_time = 0.00 secs, Wall_time = 0.00 secs
Sun Oct 18 14:08:10 2020: Image # 12, module RelateObjects # 19: CPU_time = 0.02 secs, Wall_time = 0.03 secs
Sun Oct 18 14:08:10 2020: Image # 12, module RelateObjects # 20: CPU_time = 0.02 secs, Wall_time = 0.03 secs
Sun Oct 18 14:08:10 2020: Image # 12, module RelateObjects # 21: CPU_time = 0.03 secs, Wall_time = 0.03 secs
Sun Oct 18 14:08:10 2020: Image # 12, module ExportToSpreadsheet # 22: CPU_time = 0.00 secs, Wall_time = 0.00 secs
Sun Oct 18 14:08:10 2020: Image # 12, module CreateBatchFiles # 23: CPU_time = 0.00 secs, Wall_time = 0.00 secs

#####################################################
## Moving Output Data Files to Summary Data Folder ##
#####################################################


#######################################################
## Moving Processed Images to Project Summary Folder ##
#######################################################


################################################
## Moving Log Files to Project Summary Folder ##
################################################


####################################
## Removing Temporary Directories ##
####################################

