
####  ####  #     #     ####  ####   ####  ####  ##  #     ####  ####
#     #     #     #     #  #  #  #   #  #  #     ##  #     #     #  #
#     ####  #     #     ####  ##     #  #  ###   ##  #     ####  ##
#     #     #     #     #     #  #   #  #  #     ##  #     #     #  #
####  ####  ####  ####  #     #  #   ####  #     ##  ####  ####  #  #

CellProfiler Log
Command: 20 1
Command: 
Home Directory: /home/jna7035
Path to CellProfiler Software: /projects/b1059/projects/Joy/CellProfiler
LOG:     Begin CellProfiler Analysis
LOG:     Project Title: 20191119_example
LOG:     Number of Images in 20191119_example Project: 20
LOG:     CellProfiler Version: cellprofiler_4.0.3.sif

#########################################
## Loading singularity module on QUEST ##
#########################################


#####################################################
## Setting base directories for project/experiment ##
#####################################################


############################################
## Making image-specific output directory ##
############################################


############################
## Executing cellprofiler ##
############################

Times reported are CPU and Wall-clock times for each module
Wed Oct 21 10:05:47 2020: Image # 20, module LoadData # 1: CPU_time = 1.53 secs, Wall_time = 1.59 secs
Wed Oct 21 10:05:49 2020: Image # 20, module ImageMath # 2: CPU_time = 0.01 secs, Wall_time = 0.01 secs
Wed Oct 21 10:05:49 2020: Image # 20, module MaskImage # 3: CPU_time = 0.06 secs, Wall_time = 0.06 secs
Wed Oct 21 10:05:49 2020: Image # 20, module IdentifyPrimaryObjects # 4: CPU_time = 1.86 secs, Wall_time = 1.86 secs
Wed Oct 21 10:05:51 2020: Image # 20, module CorrectIlluminationCalculate # 5: CPU_time = 98.51 secs, Wall_time = 98.51 secs
Wed Oct 21 10:07:30 2020: Image # 20, module CorrectIlluminationApply # 6: CPU_time = 0.03 secs, Wall_time = 0.03 secs
Wed Oct 21 10:07:30 2020: Image # 20, module IdentifyPrimaryObjects # 7: CPU_time = 2.74 secs, Wall_time = 2.75 secs
Wed Oct 21 10:07:32 2020: Image # 20, module ConvertObjectsToImage # 8: CPU_time = 0.01 secs, Wall_time = 0.01 secs
Wed Oct 21 10:07:32 2020: Image # 20, module UntangleWorms # 9: CPU_time = 75.61 secs, Wall_time = 75.62 secs
Wed Oct 21 10:08:48 2020: Image # 20, module UntangleWorms # 10: CPU_time = 69.98 secs, Wall_time = 69.98 secs
Wed Oct 21 10:09:58 2020: Image # 20, module UntangleWorms # 11: CPU_time = 67.10 secs, Wall_time = 67.11 secs
Wed Oct 21 10:11:05 2020: Image # 20, module UntangleWorms # 12: CPU_time = 41.18 secs, Wall_time = 41.18 secs
Wed Oct 21 10:11:46 2020: Image # 20, module RescaleIntensity # 13: CPU_time = 0.05 secs, Wall_time = 0.05 secs
Wed Oct 21 10:11:46 2020: Image # 20, module OverlayOutlines # 14: CPU_time = 1.07 secs, Wall_time = 1.08 secs
Wed Oct 21 10:11:47 2020: Image # 20, module SaveImages # 15: CPU_time = 4.26 secs, Wall_time = 4.25 secs
Wed Oct 21 10:11:52 2020: Image # 20, module MeasureObjectIntensity # 16: CPU_time = 1.63 secs, Wall_time = 1.64 secs
Wed Oct 21 10:11:53 2020: Image # 20, module MeasureObjectSizeShape # 17: CPU_time = 1.70 secs, Wall_time = 1.70 secs
Wed Oct 21 10:11:55 2020: Image # 20, module RelateObjects # 18: CPU_time = 0.04 secs, Wall_time = 0.05 secs
Wed Oct 21 10:11:55 2020: Image # 20, module RelateObjects # 19: CPU_time = 0.04 secs, Wall_time = 0.04 secs
Wed Oct 21 10:11:55 2020: Image # 20, module RelateObjects # 20: CPU_time = 0.04 secs, Wall_time = 0.04 secs
Wed Oct 21 10:11:55 2020: Image # 20, module RelateObjects # 21: CPU_time = 0.04 secs, Wall_time = 0.03 secs
Wed Oct 21 10:11:55 2020: Image # 20, module ExportToSpreadsheet # 22: CPU_time = 0.00 secs, Wall_time = 0.00 secs
Wed Oct 21 10:11:55 2020: Image # 20, module CreateBatchFiles # 23: CPU_time = 0.00 secs, Wall_time = 0.00 secs

#####################################################
## Moving Output Data Files to Summary Data Folder ##
#####################################################


#######################################################
## Moving Processed Images to Project Summary Folder ##
#######################################################


################################################
## Moving Log Files to Project Summary Folder ##
################################################


####################################
## Removing Temporary Directories ##
####################################

