
####  ####  #     #     ####  ####   ####  ####  ##  #     ####  ####
#     #     #     #     #  #  #  #   #  #  #     ##  #     #     #  #
#     ####  #     #     ####  ##     #  #  ###   ##  #     ####  ##
#     #     #     #     #     #  #   #  #  #     ##  #     #     #  #
####  ####  ####  ####  #     #  #   ####  #     ##  ####  ####  #  #

CellProfiler Log
Command: 5 1
Command: 
Home Directory: /home/jna7035
Path to CellProfiler Software: /projects/b1059/projects/Joy/CellProfiler
LOG:     Begin CellProfiler Analysis
LOG:     Project Title: 20191119_example
LOG:     Number of Images in 20191119_example Project: 20
LOG:     CellProfiler Version: cellprofiler_4.0.3.sif

#########################################
## Loading singularity module on QUEST ##
#########################################


#####################################################
## Setting base directories for project/experiment ##
#####################################################


############################################
## Making image-specific output directory ##
############################################


############################
## Executing cellprofiler ##
############################

Times reported are CPU and Wall-clock times for each module
Sun Oct 18 14:04:26 2020: Image # 5, module LoadData # 1: CPU_time = 1.47 secs, Wall_time = 1.52 secs
Sun Oct 18 14:04:27 2020: Image # 5, module ImageMath # 2: CPU_time = 0.02 secs, Wall_time = 0.01 secs
Sun Oct 18 14:04:27 2020: Image # 5, module MaskImage # 3: CPU_time = 0.05 secs, Wall_time = 0.05 secs
Sun Oct 18 14:04:27 2020: Image # 5, module IdentifyPrimaryObjects # 4: CPU_time = 1.46 secs, Wall_time = 1.46 secs
Sun Oct 18 14:04:29 2020: Image # 5, module CorrectIlluminationCalculate # 5: CPU_time = 102.88 secs, Wall_time = 102.89 secs
Sun Oct 18 14:06:11 2020: Image # 5, module CorrectIlluminationApply # 6: CPU_time = 0.03 secs, Wall_time = 0.02 secs
Sun Oct 18 14:06:11 2020: Image # 5, module IdentifyPrimaryObjects # 7: CPU_time = 2.21 secs, Wall_time = 2.21 secs
Sun Oct 18 14:06:14 2020: Image # 5, module ConvertObjectsToImage # 8: CPU_time = 0.02 secs, Wall_time = 0.01 secs
Sun Oct 18 14:06:14 2020: Image # 5, module UntangleWorms # 9: CPU_time = 43.57 secs, Wall_time = 43.58 secs
Sun Oct 18 14:06:57 2020: Image # 5, module UntangleWorms # 10: CPU_time = 17.11 secs, Wall_time = 17.12 secs
Sun Oct 18 14:07:14 2020: Image # 5, module UntangleWorms # 11: CPU_time = 2.42 secs, Wall_time = 2.42 secs
Sun Oct 18 14:07:17 2020: Image # 5, module UntangleWorms # 12: CPU_time = 2.34 secs, Wall_time = 2.34 secs
Sun Oct 18 14:07:19 2020: Image # 5, module RescaleIntensity # 13: CPU_time = 0.04 secs, Wall_time = 0.03 secs
Sun Oct 18 14:07:19 2020: Image # 5, module OverlayOutlines # 14: CPU_time = 0.73 secs, Wall_time = 0.73 secs
Sun Oct 18 14:07:20 2020: Image # 5, module SaveImages # 15: CPU_time = 5.20 secs, Wall_time = 5.24 secs
Sun Oct 18 14:07:25 2020: Image # 5, module MeasureObjectIntensity # 16: CPU_time = 0.92 secs, Wall_time = 0.93 secs
Sun Oct 18 14:07:26 2020: Image # 5, module MeasureObjectSizeShape # 17: CPU_time = 0.37 secs, Wall_time = 0.37 secs
Sun Oct 18 14:07:27 2020: Image # 5, module RelateObjects # 18: CPU_time = 0.00 secs, Wall_time = 0.00 secs
Sun Oct 18 14:07:27 2020: Image # 5, module RelateObjects # 19: CPU_time = 0.00 secs, Wall_time = 0.00 secs
Sun Oct 18 14:07:27 2020: Image # 5, module RelateObjects # 20: CPU_time = 0.03 secs, Wall_time = 0.02 secs
Sun Oct 18 14:07:27 2020: Image # 5, module RelateObjects # 21: CPU_time = 0.02 secs, Wall_time = 0.02 secs
Sun Oct 18 14:07:27 2020: Image # 5, module ExportToSpreadsheet # 22: CPU_time = 0.00 secs, Wall_time = 0.00 secs
Sun Oct 18 14:07:27 2020: Image # 5, module CreateBatchFiles # 23: CPU_time = 0.00 secs, Wall_time = 0.00 secs

#####################################################
## Moving Output Data Files to Summary Data Folder ##
#####################################################


#######################################################
## Moving Processed Images to Project Summary Folder ##
#######################################################


################################################
## Moving Log Files to Project Summary Folder ##
################################################


####################################
## Removing Temporary Directories ##
####################################

