
####  ####  #     #     ####  ####   ####  ####  ##  #     ####  ####
#     #     #     #     #  #  #  #   #  #  #     ##  #     #     #  #
#     ####  #     #     ####  ##     #  #  ###   ##  #     ####  ##
#     #     #     #     #     #  #   #  #  #     ##  #     #     #  #
####  ####  ####  ####  #     #  #   ####  #     ##  ####  ####  #  #

CellProfiler Log
Command: 1 1
Command: 
Home Directory: /home/jna7035
Path to CellProfiler Software: /projects/b1059/projects/Joy/CellProfiler
LOG:     Begin CellProfiler Analysis
LOG:     Project Title: 20191119_example
LOG:     Number of Images in 20191119_example Project: 20
LOG:     CellProfiler Version: cellprofiler_4.0.3.sif

#########################################
## Loading singularity module on QUEST ##
#########################################


#####################################################
## Setting base directories for project/experiment ##
#####################################################


############################################
## Making image-specific output directory ##
############################################


############################
## Executing cellprofiler ##
############################

Times reported are CPU and Wall-clock times for each module
Sun Oct 18 14:04:22 2020: Image # 1, module LoadData # 1: CPU_time = 1.29 secs, Wall_time = 1.40 secs
Sun Oct 18 14:04:23 2020: Image # 1, module ImageMath # 2: CPU_time = 0.01 secs, Wall_time = 0.01 secs
Sun Oct 18 14:04:23 2020: Image # 1, module MaskImage # 3: CPU_time = 0.05 secs, Wall_time = 0.05 secs
Sun Oct 18 14:04:24 2020: Image # 1, module IdentifyPrimaryObjects # 4: CPU_time = 1.48 secs, Wall_time = 1.48 secs
Sun Oct 18 14:04:25 2020: Image # 1, module CorrectIlluminationCalculate # 5: CPU_time = 102.55 secs, Wall_time = 102.56 secs
Sun Oct 18 14:06:08 2020: Image # 1, module CorrectIlluminationApply # 6: CPU_time = 0.03 secs, Wall_time = 0.02 secs
Sun Oct 18 14:06:08 2020: Image # 1, module IdentifyPrimaryObjects # 7: CPU_time = 2.27 secs, Wall_time = 2.27 secs
Sun Oct 18 14:06:10 2020: Image # 1, module ConvertObjectsToImage # 8: CPU_time = 0.01 secs, Wall_time = 0.01 secs
Sun Oct 18 14:06:10 2020: Image # 1, module UntangleWorms # 9: CPU_time = 38.67 secs, Wall_time = 38.67 secs
Sun Oct 18 14:06:49 2020: Image # 1, module UntangleWorms # 10: CPU_time = 3.37 secs, Wall_time = 3.38 secs
Sun Oct 18 14:06:52 2020: Image # 1, module UntangleWorms # 11: CPU_time = 2.79 secs, Wall_time = 2.79 secs
Sun Oct 18 14:06:55 2020: Image # 1, module UntangleWorms # 12: CPU_time = 2.78 secs, Wall_time = 2.77 secs
Sun Oct 18 14:06:57 2020: Image # 1, module RescaleIntensity # 13: CPU_time = 0.02 secs, Wall_time = 0.02 secs
Sun Oct 18 14:06:58 2020: Image # 1, module OverlayOutlines # 14: CPU_time = 0.73 secs, Wall_time = 0.74 secs
/usr/local/lib/python3.8/dist-packages/cellprofiler/modules/saveimages.py:751: UserWarning: /projects/b1059/projects/Joy/CellProfiler/projects/20191119_example/output_data/20191119-growth-p01-m2X_C04.out/images/processed_images/20191119-growth-p01-m2X_C04_overlay.png is a low contrast image
  skimage.io.imsave(filename, pixels, **save_kwargs)
Sun Oct 18 14:06:58 2020: Image # 1, module SaveImages # 15: CPU_time = 0.36 secs, Wall_time = 0.36 secs
Sun Oct 18 14:06:59 2020: Image # 1, module MeasureObjectIntensity # 16: CPU_time = 0.76 secs, Wall_time = 0.76 secs
Sun Oct 18 14:06:59 2020: Image # 1, module MeasureObjectSizeShape # 17: CPU_time = 0.21 secs, Wall_time = 0.21 secs
Sun Oct 18 14:07:00 2020: Image # 1, module RelateObjects # 18: CPU_time = 0.01 secs, Wall_time = 0.00 secs
Sun Oct 18 14:07:00 2020: Image # 1, module RelateObjects # 19: CPU_time = 0.00 secs, Wall_time = 0.00 secs
Sun Oct 18 14:07:00 2020: Image # 1, module RelateObjects # 20: CPU_time = 0.01 secs, Wall_time = 0.00 secs
Sun Oct 18 14:07:00 2020: Image # 1, module RelateObjects # 21: CPU_time = 0.03 secs, Wall_time = 0.02 secs
Sun Oct 18 14:07:00 2020: Image # 1, module ExportToSpreadsheet # 22: CPU_time = 0.00 secs, Wall_time = 0.00 secs
Sun Oct 18 14:07:00 2020: Image # 1, module CreateBatchFiles # 23: CPU_time = 0.00 secs, Wall_time = 0.00 secs

#####################################################
## Moving Output Data Files to Summary Data Folder ##
#####################################################


#######################################################
## Moving Processed Images to Project Summary Folder ##
#######################################################


################################################
## Moving Log Files to Project Summary Folder ##
################################################


####################################
## Removing Temporary Directories ##
####################################

